==============PARAMETERS===========================
Number of jobs to distribute: 			1000
Type of jobs being ran by workers: 		SMALL jobs
Number of workers: 				10
Worker queue capacity: 				50
Max number of jobs assigned by master: 		30
Worker node selection strategy: 		RANDOM
Job distribution strategy: 			EXPONENTIAL
Constant chunk distribution size (used only if job distribution is CONSTANT): 10
==============PARAMETERS===========================

Master about to launch slaves.
Master ready to begin job assignment.
Master joining on workers.

Log for thread id 0
Remember that logs are printed from last event to first event.
Node 0 processed for 37356711 ms = 37.356711 sec

Log for thread id 1
Remember that logs are printed from last event to first event.
Node 1 processed for 37200041 ms = 37.200041 sec

Log for thread id 2
Remember that logs are printed from last event to first event.
Node 2 processed for 37200452 ms = 37.200452 sec

Log for thread id 3
Remember that logs are printed from last event to first event.
Node 3 processed for 37214416 ms = 37.214416 sec

Log for thread id 4
Remember that logs are printed from last event to first event.
Node 4 processed for 36923262 ms = 36.923262 sec

Log for thread id 5
Remember that logs are printed from last event to first event.
Node 5 processed for 34790467 ms = 34.790467 sec

Log for thread id 6
Remember that logs are printed from last event to first event.
Node 6 processed for 38650060 ms = 38.650060 sec

Log for thread id 7
Remember that logs are printed from last event to first event.
Node 7 processed for 34818904 ms = 34.818904 sec

Log for thread id 8
Remember that logs are printed from last event to first event.
Node 8 processed for 34601078 ms = 34.601078 sec

Log for thread id 9
Remember that logs are printed from last event to first event.
Node 9 processed for 37062078 ms = 37.062078 sec

Log for thread id -1
Remember that logs are printed from last event to first event.
Node -1 processed for 20417298 ms = 20.417298 sec


Number of LARGE jobs: 0
Number of MID jobs: 0
Number of SMALL jobs: 1000
Threaded timing: 38649991 ms = 38.649991 sec 
Estimated sequential processing time: 320255000 ms = 320.255000 sec
Rough speedup: 8.29x
