==============PARAMETERS===========================
Number of jobs to distribute: 			1000
Type of jobs being ran by workers: 		SMALL jobs
Number of workers: 				5
Worker queue capacity: 				50
Max number of jobs assigned by master: 		30
Worker node selection strategy: 		RANDOM
Job distribution strategy: 			LINEAR
Constant chunk distribution size (used only if job distribution is CONSTANT): 10
==============PARAMETERS===========================

Master about to launch slaves.
Master ready to begin job assignment.
Master joining on workers.

Log for thread id 0
Remember that logs are printed from last event to first event.
Node 0 processed for 67548034 ms = 67.548034 sec

Log for thread id 1
Remember that logs are printed from last event to first event.
Node 1 processed for 67391074 ms = 67.391074 sec

Log for thread id 2
Remember that logs are printed from last event to first event.
Node 2 processed for 67064086 ms = 67.064086 sec

Log for thread id 3
Remember that logs are printed from last event to first event.
Node 3 processed for 67536621 ms = 67.536621 sec

Log for thread id 4
Remember that logs are printed from last event to first event.
Node 4 processed for 67150787 ms = 67.150787 sec

Log for thread id -1
Remember that logs are printed from last event to first event.
Node -1 processed for 50534925 ms = 50.534925 sec


Number of LARGE jobs: 0
Number of MID jobs: 0
Number of SMALL jobs: 1000
Threaded timing: 67548033 ms = 67.548033 sec 
Estimated sequential processing time: 320557000 ms = 320.557000 sec
Rough speedup: 4.75x
