==============PARAMETERS===========================
Number of jobs to distribute: 			1000
Type of jobs being ran by workers: 		LARGE jobs
Number of workers: 				5
Worker queue capacity: 				50
Max number of jobs assigned by master: 		30
Worker node selection strategy: 		SHORTEST QUEUE
Job distribution strategy: 			CONSTANT
Constant chunk distribution size (used only if job distribution is CONSTANT): 10
==============PARAMETERS===========================

Master about to launch slaves.
Master ready to begin job assignment.
Master joining on workers.

Log for thread id 0
Remember that logs are printed from last event to first event.
Node 0 processed for 272811460 ms = 272.811460 sec

Log for thread id 1
Remember that logs are printed from last event to first event.
Node 1 processed for 268364885 ms = 268.364885 sec

Log for thread id 2
Remember that logs are printed from last event to first event.
Node 2 processed for 267102252 ms = 267.102252 sec

Log for thread id 3
Remember that logs are printed from last event to first event.
Node 3 processed for 264710851 ms = 264.710851 sec

Log for thread id 4
Remember that logs are printed from last event to first event.
Node 4 processed for 269523964 ms = 269.523964 sec

Log for thread id -1
Remember that logs are printed from last event to first event.
Node -1 processed for 203355820 ms = 203.355820 sec


Number of LARGE jobs: 1000
Number of MID jobs: 0
Number of SMALL jobs: 0
Threaded timing: 272811402 ms = 272.811402 sec 
Estimated sequential processing time: 1279333000 ms = 1279.333000 sec
Rough speedup: 4.69x
