==============PARAMETERS===========================
Number of jobs to distribute: 			1000
Type of jobs being ran by workers: 		VARIED jobs
Number of workers: 				10
Worker queue capacity: 				50
Max number of jobs assigned by master: 		30
Worker node selection strategy: 		SEQUENTIAL
Job distribution strategy: 			EXPONENTIAL
Constant chunk distribution size (used only if job distribution is CONSTANT): 10
==============PARAMETERS===========================

Master about to launch slaves.
Master ready to begin job assignment.
Master joining on workers.

Log for thread id 0
Remember that logs are printed from last event to first event.
Node 0 processed for 85537659 ms = 85.537659 sec

Log for thread id 1
Remember that logs are printed from last event to first event.
Node 1 processed for 84716985 ms = 84.716985 sec

Log for thread id 2
Remember that logs are printed from last event to first event.
Node 2 processed for 86202303 ms = 86.202303 sec

Log for thread id 3
Remember that logs are printed from last event to first event.
Node 3 processed for 83309738 ms = 83.309738 sec

Log for thread id 4
Remember that logs are printed from last event to first event.
Node 4 processed for 84143310 ms = 84.143310 sec

Log for thread id 5
Remember that logs are printed from last event to first event.
Node 5 processed for 81561844 ms = 81.561844 sec

Log for thread id 6
Remember that logs are printed from last event to first event.
Node 6 processed for 80932487 ms = 80.932487 sec

Log for thread id 7
Remember that logs are printed from last event to first event.
Node 7 processed for 87104907 ms = 87.104907 sec

Log for thread id 8
Remember that logs are printed from last event to first event.
Node 8 processed for 82812119 ms = 82.812119 sec

Log for thread id 9
Remember that logs are printed from last event to first event.
Node 9 processed for 87764515 ms = 87.764515 sec

Log for thread id -1
Remember that logs are printed from last event to first event.
Node -1 processed for 43184385 ms = 43.184385 sec


Number of LARGE jobs: 329
Number of MID jobs: 324
Number of SMALL jobs: 347
Threaded timing: 87764681 ms = 87.764681 sec 
Estimated sequential processing time: 741957524 ms = 741.957524 sec
Rough speedup: 8.45x
