==============PARAMETERS===========================
Number of jobs to distribute: 			1000
Type of jobs being ran by workers: 		LARGE jobs
Number of workers: 				10
Worker queue capacity: 				50
Max number of jobs assigned by master: 		30
Worker node selection strategy: 		SHORTEST QUEUE
Job distribution strategy: 			EXPONENTIAL
Constant chunk distribution size (used only if job distribution is CONSTANT): 10
==============PARAMETERS===========================

Master about to launch slaves.
Master ready to begin job assignment.
Master joining on workers.

Log for thread id 0
Remember that logs are printed from last event to first event.
Node 0 processed for 146162155 ms = 146.162155 sec

Log for thread id 1
Remember that logs are printed from last event to first event.
Node 1 processed for 145973729 ms = 145.973729 sec

Log for thread id 2
Remember that logs are printed from last event to first event.
Node 2 processed for 146132264 ms = 146.132264 sec

Log for thread id 3
Remember that logs are printed from last event to first event.
Node 3 processed for 146270595 ms = 146.270595 sec

Log for thread id 4
Remember that logs are printed from last event to first event.
Node 4 processed for 146300933 ms = 146.300933 sec

Log for thread id 5
Remember that logs are printed from last event to first event.
Node 5 processed for 147596532 ms = 147.596532 sec

Log for thread id 6
Remember that logs are printed from last event to first event.
Node 6 processed for 147646298 ms = 147.646298 sec

Log for thread id 7
Remember that logs are printed from last event to first event.
Node 7 processed for 146218958 ms = 146.218958 sec

Log for thread id 8
Remember that logs are printed from last event to first event.
Node 8 processed for 144806950 ms = 144.806950 sec

Log for thread id 9
Remember that logs are printed from last event to first event.
Node 9 processed for 144967005 ms = 144.967005 sec

Log for thread id -1
Remember that logs are printed from last event to first event.
Node -1 processed for 73391686 ms = 73.391686 sec


Number of LARGE jobs: 1000
Number of MID jobs: 0
Number of SMALL jobs: 0
Threaded timing: 147646271 ms = 147.646271 sec 
Estimated sequential processing time: 1281652000 ms = 1281.652000 sec
Rough speedup: 8.68x
