==============PARAMETERS===========================
Number of jobs to distribute: 			1000
Type of jobs being ran by workers: 		VARIED jobs
Number of workers: 				20
Worker queue capacity: 				50
Max number of jobs assigned by master: 		30
Worker node selection strategy: 		SEQUENTIAL
Job distribution strategy: 			LINEAR
Constant chunk distribution size (used only if job distribution is CONSTANT): 10
==============PARAMETERS===========================

Master about to launch slaves.
Master ready to begin job assignment.
Master joining on workers.

Log for thread id 0
Remember that logs are printed from last event to first event.
Node 0 processed for 25703163 ms = 25.703163 sec

Log for thread id 1
Remember that logs are printed from last event to first event.
Node 1 processed for 50366669 ms = 50.366669 sec

Log for thread id 2
Remember that logs are printed from last event to first event.
Node 2 processed for 48606896 ms = 48.606896 sec

Log for thread id 3
Remember that logs are printed from last event to first event.
Node 3 processed for 47544611 ms = 47.544611 sec

Log for thread id 4
Remember that logs are printed from last event to first event.
Node 4 processed for 30379792 ms = 30.379792 sec

Log for thread id 5
Remember that logs are printed from last event to first event.
Node 5 processed for 44678284 ms = 44.678284 sec

Log for thread id 6
Remember that logs are printed from last event to first event.
Node 6 processed for 43215250 ms = 43.215250 sec

Log for thread id 7
Remember that logs are printed from last event to first event.
Node 7 processed for 53984118 ms = 53.984118 sec

Log for thread id 8
Remember that logs are printed from last event to first event.
Node 8 processed for 48705774 ms = 48.705774 sec

Log for thread id 9
Remember that logs are printed from last event to first event.
Node 9 processed for 51757714 ms = 51.757714 sec

Log for thread id 10
Remember that logs are printed from last event to first event.
Node 10 processed for 50754467 ms = 50.754467 sec

Log for thread id 11
Remember that logs are printed from last event to first event.
Node 11 processed for 50181842 ms = 50.181842 sec

Log for thread id 12
Remember that logs are printed from last event to first event.
Node 12 processed for 43734192 ms = 43.734192 sec

Log for thread id 13
Remember that logs are printed from last event to first event.
Node 13 processed for 49547827 ms = 49.547827 sec

Log for thread id 14
Remember that logs are printed from last event to first event.
Node 14 processed for 50880184 ms = 50.880184 sec

Log for thread id 15
Remember that logs are printed from last event to first event.
Node 15 processed for 21150522 ms = 21.150522 sec

Log for thread id 16
Remember that logs are printed from last event to first event.
Node 16 processed for 27736369 ms = 27.736369 sec

Log for thread id 17
Remember that logs are printed from last event to first event.
Node 17 processed for 46414300 ms = 46.414300 sec

Log for thread id 18
Remember that logs are printed from last event to first event.
Node 18 processed for 27419153 ms = 27.419153 sec

Log for thread id 19
Remember that logs are printed from last event to first event.
Node 19 processed for 30058771 ms = 30.058771 sec

Log for thread id -1
Remember that logs are printed from last event to first event.
Node -1 processed for 8806362 ms = 8.806362 sec


Number of LARGE jobs: 320
Number of MID jobs: 339
Number of SMALL jobs: 341
Threaded timing: 53982696 ms = 53.982696 sec 
Estimated sequential processing time: 736704731 ms = 736.704731 sec
Rough speedup: 13.65x
