==============PARAMETERS===========================
Number of jobs to distribute: 			1000
Type of jobs being ran by workers: 		SMALL jobs
Number of workers: 				20
Worker queue capacity: 				50
Max number of jobs assigned by master: 		30
Worker node selection strategy: 		RANDOM
Job distribution strategy: 			EXPONENTIAL
Constant chunk distribution size (used only if job distribution is CONSTANT): 10
==============PARAMETERS===========================

Master about to launch slaves.
Master ready to begin job assignment.
Master joining on workers.

Log for thread id 0
Remember that logs are printed from last event to first event.
Node 0 processed for 22459229 ms = 22.459229 sec

Log for thread id 1
Remember that logs are printed from last event to first event.
Node 1 processed for 15681583 ms = 15.681583 sec

Log for thread id 2
Remember that logs are printed from last event to first event.
Node 2 processed for 13095343 ms = 13.095343 sec

Log for thread id 3
Remember that logs are printed from last event to first event.
Node 3 processed for 22098212 ms = 22.098212 sec

Log for thread id 4
Remember that logs are printed from last event to first event.
Node 4 processed for 16432907 ms = 16.432907 sec

Log for thread id 5
Remember that logs are printed from last event to first event.
Node 5 processed for 22585832 ms = 22.585832 sec

Log for thread id 6
Remember that logs are printed from last event to first event.
Node 6 processed for 22264126 ms = 22.264126 sec

Log for thread id 7
Remember that logs are printed from last event to first event.
Node 7 processed for 16486746 ms = 16.486746 sec

Log for thread id 8
Remember that logs are printed from last event to first event.
Node 8 processed for 22677786 ms = 22.677786 sec

Log for thread id 9
Remember that logs are printed from last event to first event.
Node 9 processed for 22035868 ms = 22.035868 sec

Log for thread id 10
Remember that logs are printed from last event to first event.
Node 10 processed for 11344993 ms = 11.344993 sec

Log for thread id 11
Remember that logs are printed from last event to first event.
Node 11 processed for 22357262 ms = 22.357262 sec

Log for thread id 12
Remember that logs are printed from last event to first event.
Node 12 processed for 16452426 ms = 16.452426 sec

Log for thread id 13
Remember that logs are printed from last event to first event.
Node 13 processed for 22716061 ms = 22.716061 sec

Log for thread id 14
Remember that logs are printed from last event to first event.
Node 14 processed for 11478888 ms = 11.478888 sec

Log for thread id 15
Remember that logs are printed from last event to first event.
Node 15 processed for 22016893 ms = 22.016893 sec

Log for thread id 16
Remember that logs are printed from last event to first event.
Node 16 processed for 16488174 ms = 16.488174 sec

Log for thread id 17
Remember that logs are printed from last event to first event.
Node 17 processed for 22816271 ms = 22.816271 sec

Log for thread id 18
Remember that logs are printed from last event to first event.
Node 18 processed for 22678285 ms = 22.678285 sec

Log for thread id 19
Remember that logs are printed from last event to first event.
Node 19 processed for 11272493 ms = 11.272493 sec

Log for thread id -1
Remember that logs are printed from last event to first event.
Node -1 processed for 4609468 ms = 4.609468 sec


Number of LARGE jobs: 0
Number of MID jobs: 0
Number of SMALL jobs: 1000
Threaded timing: 22816328 ms = 22.816328 sec 
Estimated sequential processing time: 320638000 ms = 320.638000 sec
Rough speedup: 14.05x
