==============PARAMETERS===========================
Number of jobs to distribute: 			1000
Type of jobs being ran by workers: 		LARGE jobs
Number of workers: 				10
Worker queue capacity: 				50
Max number of jobs assigned by master: 		30
Worker node selection strategy: 		SEQUENTIAL
Job distribution strategy: 			CONSTANT
Constant chunk distribution size (used only if job distribution is CONSTANT): 10
==============PARAMETERS===========================

Master about to launch slaves.
Master ready to begin job assignment.
Master joining on workers.

Log for thread id 0
Remember that logs are printed from last event to first event.
Node 0 processed for 146412336 ms = 146.412336 sec

Log for thread id 1
Remember that logs are printed from last event to first event.
Node 1 processed for 146278431 ms = 146.278431 sec

Log for thread id 2
Remember that logs are printed from last event to first event.
Node 2 processed for 146302646 ms = 146.302646 sec

Log for thread id 3
Remember that logs are printed from last event to first event.
Node 3 processed for 146203762 ms = 146.203762 sec

Log for thread id 4
Remember that logs are printed from last event to first event.
Node 4 processed for 146187015 ms = 146.187015 sec

Log for thread id 5
Remember that logs are printed from last event to first event.
Node 5 processed for 146223467 ms = 146.223467 sec

Log for thread id 6
Remember that logs are printed from last event to first event.
Node 6 processed for 146095322 ms = 146.095322 sec

Log for thread id 7
Remember that logs are printed from last event to first event.
Node 7 processed for 146389042 ms = 146.389042 sec

Log for thread id 8
Remember that logs are printed from last event to first event.
Node 8 processed for 146232168 ms = 146.232168 sec

Log for thread id 9
Remember that logs are printed from last event to first event.
Node 9 processed for 146443249 ms = 146.443249 sec

Log for thread id -1
Remember that logs are printed from last event to first event.
Node -1 processed for 72039771 ms = 72.039771 sec


Number of LARGE jobs: 1000
Number of MID jobs: 0
Number of SMALL jobs: 0
Threaded timing: 146443291 ms = 146.443291 sec 
Estimated sequential processing time: 1281507000 ms = 1281.507000 sec
Rough speedup: 8.75x
