==============PARAMETERS===========================
Number of jobs to distribute: 			1000
Type of jobs being ran by workers: 		VARIED jobs
Number of workers: 				20
Worker queue capacity: 				50
Max number of jobs assigned by master: 		30
Worker node selection strategy: 		SHORTEST QUEUE
Job distribution strategy: 			CONSTANT
Constant chunk distribution size (used only if job distribution is CONSTANT): 10
==============PARAMETERS===========================

Master about to launch slaves.
Master ready to begin job assignment.
Master joining on workers.

Log for thread id 0
Remember that logs are printed from last event to first event.
Node 0 processed for 41292219 ms = 41.292219 sec

Log for thread id 1
Remember that logs are printed from last event to first event.
Node 1 processed for 43868612 ms = 43.868612 sec

Log for thread id 2
Remember that logs are printed from last event to first event.
Node 2 processed for 41013101 ms = 41.013101 sec

Log for thread id 3
Remember that logs are printed from last event to first event.
Node 3 processed for 37823785 ms = 37.823785 sec

Log for thread id 4
Remember that logs are printed from last event to first event.
Node 4 processed for 38504335 ms = 38.504335 sec

Log for thread id 5
Remember that logs are printed from last event to first event.
Node 5 processed for 39992513 ms = 39.992513 sec

Log for thread id 6
Remember that logs are printed from last event to first event.
Node 6 processed for 41166700 ms = 41.166700 sec

Log for thread id 7
Remember that logs are printed from last event to first event.
Node 7 processed for 39286011 ms = 39.286011 sec

Log for thread id 8
Remember that logs are printed from last event to first event.
Node 8 processed for 39735925 ms = 39.735925 sec

Log for thread id 9
Remember that logs are printed from last event to first event.
Node 9 processed for 36791205 ms = 36.791205 sec

Log for thread id 10
Remember that logs are printed from last event to first event.
Node 10 processed for 44813848 ms = 44.813848 sec

Log for thread id 11
Remember that logs are printed from last event to first event.
Node 11 processed for 44157883 ms = 44.157883 sec

Log for thread id 12
Remember that logs are printed from last event to first event.
Node 12 processed for 48083169 ms = 48.083169 sec

Log for thread id 13
Remember that logs are printed from last event to first event.
Node 13 processed for 39795466 ms = 39.795466 sec

Log for thread id 14
Remember that logs are printed from last event to first event.
Node 14 processed for 46802573 ms = 46.802573 sec

Log for thread id 15
Remember that logs are printed from last event to first event.
Node 15 processed for 42831462 ms = 42.831462 sec

Log for thread id 16
Remember that logs are printed from last event to first event.
Node 16 processed for 46561686 ms = 46.561686 sec

Log for thread id 17
Remember that logs are printed from last event to first event.
Node 17 processed for 45847233 ms = 45.847233 sec

Log for thread id 18
Remember that logs are printed from last event to first event.
Node 18 processed for 41056815 ms = 41.056815 sec

Log for thread id 19
Remember that logs are printed from last event to first event.
Node 19 processed for 45256595 ms = 45.256595 sec

Log for thread id -1
Remember that logs are printed from last event to first event.
Node -1 processed for 2331612 ms = 2.331612 sec


Number of LARGE jobs: 321
Number of MID jobs: 338
Number of SMALL jobs: 341
Threaded timing: 48082729 ms = 48.082729 sec 
Estimated sequential processing time: 736751697 ms = 736.751697 sec
Rough speedup: 15.32x
