==============PARAMETERS===========================
Number of jobs to distribute: 			1000
Type of jobs being ran by workers: 		MID jobs
Number of workers: 				10
Worker queue capacity: 				50
Max number of jobs assigned by master: 		30
Worker node selection strategy: 		SEQUENTIAL
Job distribution strategy: 			CONSTANT
Constant chunk distribution size (used only if job distribution is CONSTANT): 10
==============PARAMETERS===========================

Master about to launch slaves.
Master ready to begin job assignment.
Master joining on workers.

Log for thread id 0
Remember that logs are printed from last event to first event.
Node 0 processed for 73318625 ms = 73.318625 sec

Log for thread id 1
Remember that logs are printed from last event to first event.
Node 1 processed for 73148337 ms = 73.148337 sec

Log for thread id 2
Remember that logs are printed from last event to first event.
Node 2 processed for 73040640 ms = 73.040640 sec

Log for thread id 3
Remember that logs are printed from last event to first event.
Node 3 processed for 73130429 ms = 73.130429 sec

Log for thread id 4
Remember that logs are printed from last event to first event.
Node 4 processed for 73157537 ms = 73.157537 sec

Log for thread id 5
Remember that logs are printed from last event to first event.
Node 5 processed for 73264491 ms = 73.264491 sec

Log for thread id 6
Remember that logs are printed from last event to first event.
Node 6 processed for 73231181 ms = 73.231181 sec

Log for thread id 7
Remember that logs are printed from last event to first event.
Node 7 processed for 73285151 ms = 73.285151 sec

Log for thread id 8
Remember that logs are printed from last event to first event.
Node 8 processed for 73265827 ms = 73.265827 sec

Log for thread id 9
Remember that logs are printed from last event to first event.
Node 9 processed for 73298540 ms = 73.298540 sec

Log for thread id -1
Remember that logs are printed from last event to first event.
Node -1 processed for 36182798 ms = 36.182798 sec


Number of LARGE jobs: 0
Number of MID jobs: 1000
Number of SMALL jobs: 0
Threaded timing: 73317691 ms = 73.317691 sec 
Estimated sequential processing time: 639938000 ms = 639.938000 sec
Rough speedup: 8.73x
