==============PARAMETERS===========================
Number of jobs to distribute: 			1000
Type of jobs being ran by workers: 		SMALL jobs
Number of workers: 				5
Worker queue capacity: 				50
Max number of jobs assigned by master: 		30
Worker node selection strategy: 		SEQUENTIAL
Job distribution strategy: 			LINEAR
Constant chunk distribution size (used only if job distribution is CONSTANT): 10
==============PARAMETERS===========================

Master about to launch slaves.
Master ready to begin job assignment.
Master joining on workers.

Log for thread id 0
Remember that logs are printed from last event to first event.
Node 0 processed for 67189267 ms = 67.189267 sec

Log for thread id 1
Remember that logs are printed from last event to first event.
Node 1 processed for 67227443 ms = 67.227443 sec

Log for thread id 2
Remember that logs are printed from last event to first event.
Node 2 processed for 67000597 ms = 67.000597 sec

Log for thread id 3
Remember that logs are printed from last event to first event.
Node 3 processed for 67523135 ms = 67.523135 sec

Log for thread id 4
Remember that logs are printed from last event to first event.
Node 4 processed for 67129638 ms = 67.129638 sec

Log for thread id -1
Remember that logs are printed from last event to first event.
Node -1 processed for 50608656 ms = 50.608656 sec


Number of LARGE jobs: 0
Number of MID jobs: 0
Number of SMALL jobs: 1000
Threaded timing: 67523250 ms = 67.523250 sec 
Estimated sequential processing time: 320640000 ms = 320.640000 sec
Rough speedup: 4.75x
