==============PARAMETERS===========================
Number of jobs to distribute: 			1000
Type of jobs being ran by workers: 		LARGE jobs
Number of workers: 				10
Worker queue capacity: 				50
Max number of jobs assigned by master: 		30
Worker node selection strategy: 		RANDOM
Job distribution strategy: 			CONSTANT
Constant chunk distribution size (used only if job distribution is CONSTANT): 10
==============PARAMETERS===========================

Master about to launch slaves.
Master ready to begin job assignment.
Master joining on workers.

Log for thread id 0
Remember that logs are printed from last event to first event.
Node 0 processed for 146216338 ms = 146.216338 sec

Log for thread id 1
Remember that logs are printed from last event to first event.
Node 1 processed for 147090486 ms = 147.090486 sec

Log for thread id 2
Remember that logs are printed from last event to first event.
Node 2 processed for 146071267 ms = 146.071267 sec

Log for thread id 3
Remember that logs are printed from last event to first event.
Node 3 processed for 146306069 ms = 146.306069 sec

Log for thread id 4
Remember that logs are printed from last event to first event.
Node 4 processed for 146575426 ms = 146.575426 sec

Log for thread id 5
Remember that logs are printed from last event to first event.
Node 5 processed for 146757248 ms = 146.757248 sec

Log for thread id 6
Remember that logs are printed from last event to first event.
Node 6 processed for 146295701 ms = 146.295701 sec

Log for thread id 7
Remember that logs are printed from last event to first event.
Node 7 processed for 146399837 ms = 146.399837 sec

Log for thread id 8
Remember that logs are printed from last event to first event.
Node 8 processed for 146305919 ms = 146.305919 sec

Log for thread id 9
Remember that logs are printed from last event to first event.
Node 9 processed for 146188820 ms = 146.188820 sec

Log for thread id -1
Remember that logs are printed from last event to first event.
Node -1 processed for 72701459 ms = 72.701459 sec


Number of LARGE jobs: 1000
Number of MID jobs: 0
Number of SMALL jobs: 0
Threaded timing: 147089549 ms = 147.089549 sec 
Estimated sequential processing time: 1280668000 ms = 1280.668000 sec
Rough speedup: 8.71x
