==============PARAMETERS===========================
Number of jobs to distribute: 			1000
Type of jobs being ran by workers: 		SMALL jobs
Number of workers: 				5
Worker queue capacity: 				50
Max number of jobs assigned by master: 		30
Worker node selection strategy: 		SHORTEST QUEUE
Job distribution strategy: 			LINEAR
Constant chunk distribution size (used only if job distribution is CONSTANT): 10
==============PARAMETERS===========================

Master about to launch slaves.
Master ready to begin job assignment.
Master joining on workers.

Log for thread id 0
Remember that logs are printed from last event to first event.
Node 0 processed for 67557382 ms = 67.557382 sec

Log for thread id 1
Remember that logs are printed from last event to first event.
Node 1 processed for 67031494 ms = 67.031494 sec

Log for thread id 2
Remember that logs are printed from last event to first event.
Node 2 processed for 66744551 ms = 66.744551 sec

Log for thread id 3
Remember that logs are printed from last event to first event.
Node 3 processed for 67364059 ms = 67.364059 sec

Log for thread id 4
Remember that logs are printed from last event to first event.
Node 4 processed for 67123411 ms = 67.123411 sec

Log for thread id -1
Remember that logs are printed from last event to first event.
Node -1 processed for 50423095 ms = 50.423095 sec


Number of LARGE jobs: 0
Number of MID jobs: 0
Number of SMALL jobs: 1000
Threaded timing: 67556903 ms = 67.556903 sec 
Estimated sequential processing time: 320532000 ms = 320.532000 sec
Rough speedup: 4.74x
