==============PARAMETERS===========================
Number of jobs to distribute: 			1000
Type of jobs being ran by workers: 		MID jobs
Number of workers: 				5
Worker queue capacity: 				50
Max number of jobs assigned by master: 		30
Worker node selection strategy: 		SHORTEST QUEUE
Job distribution strategy: 			EXPONENTIAL
Constant chunk distribution size (used only if job distribution is CONSTANT): 10
==============PARAMETERS===========================

Master about to launch slaves.
Master ready to begin job assignment.
Master joining on workers.

Log for thread id 0
Remember that logs are printed from last event to first event.
Node 0 processed for 134546247 ms = 134.546247 sec

Log for thread id 1
Remember that logs are printed from last event to first event.
Node 1 processed for 134179356 ms = 134.179356 sec

Log for thread id 2
Remember that logs are printed from last event to first event.
Node 2 processed for 135185990 ms = 135.185990 sec

Log for thread id 3
Remember that logs are printed from last event to first event.
Node 3 processed for 133373988 ms = 133.373988 sec

Log for thread id 4
Remember that logs are printed from last event to first event.
Node 4 processed for 133033284 ms = 133.033284 sec

Log for thread id -1
Remember that logs are printed from last event to first event.
Node -1 processed for 100402503 ms = 100.402503 sec


Number of LARGE jobs: 0
Number of MID jobs: 1000
Number of SMALL jobs: 0
Threaded timing: 135185919 ms = 135.185919 sec 
Estimated sequential processing time: 641178000 ms = 641.178000 sec
Rough speedup: 4.74x
