==============PARAMETERS===========================
Number of jobs to distribute: 			1000
Type of jobs being ran by workers: 		LARGE jobs
Number of workers: 				5
Worker queue capacity: 				50
Max number of jobs assigned by master: 		30
Worker node selection strategy: 		RANDOM
Job distribution strategy: 			EXPONENTIAL
Constant chunk distribution size (used only if job distribution is CONSTANT): 10
==============PARAMETERS===========================

Master about to launch slaves.
Master ready to begin job assignment.
Master joining on workers.

Log for thread id 0
Remember that logs are printed from last event to first event.
Node 0 processed for 269309261 ms = 269.309261 sec

Log for thread id 1
Remember that logs are printed from last event to first event.
Node 1 processed for 268324784 ms = 268.324784 sec

Log for thread id 2
Remember that logs are printed from last event to first event.
Node 2 processed for 268058587 ms = 268.058587 sec

Log for thread id 3
Remember that logs are printed from last event to first event.
Node 3 processed for 270152059 ms = 270.152059 sec

Log for thread id 4
Remember that logs are printed from last event to first event.
Node 4 processed for 267233280 ms = 267.233280 sec

Log for thread id -1
Remember that logs are printed from last event to first event.
Node -1 processed for 200965510 ms = 200.965510 sec


Number of LARGE jobs: 1000
Number of MID jobs: 0
Number of SMALL jobs: 0
Threaded timing: 270151950 ms = 270.151950 sec 
Estimated sequential processing time: 1282009000 ms = 1282.009000 sec
Rough speedup: 4.75x
