==============PARAMETERS===========================
Number of jobs to distribute: 			1000
Type of jobs being ran by workers: 		MID jobs
Number of workers: 				5
Worker queue capacity: 				50
Max number of jobs assigned by master: 		30
Worker node selection strategy: 		SEQUENTIAL
Job distribution strategy: 			LINEAR
Constant chunk distribution size (used only if job distribution is CONSTANT): 10
==============PARAMETERS===========================

Master about to launch slaves.
Master ready to begin job assignment.
Master joining on workers.

Log for thread id 0
Remember that logs are printed from last event to first event.
Node 0 processed for 133829432 ms = 133.829432 sec

Log for thread id 1
Remember that logs are printed from last event to first event.
Node 1 processed for 133852606 ms = 133.852606 sec

Log for thread id 2
Remember that logs are printed from last event to first event.
Node 2 processed for 134690060 ms = 134.690060 sec

Log for thread id 3
Remember that logs are printed from last event to first event.
Node 3 processed for 135126934 ms = 135.126934 sec

Log for thread id 4
Remember that logs are printed from last event to first event.
Node 4 processed for 134205846 ms = 134.205846 sec

Log for thread id -1
Remember that logs are printed from last event to first event.
Node -1 processed for 100554380 ms = 100.554380 sec


Number of LARGE jobs: 0
Number of MID jobs: 1000
Number of SMALL jobs: 0
Threaded timing: 135127006 ms = 135.127006 sec 
Estimated sequential processing time: 642387000 ms = 642.387000 sec
Rough speedup: 4.75x
