==============PARAMETERS===========================
Number of jobs to distribute: 			1000
Type of jobs being ran by workers: 		LARGE jobs
Number of workers: 				10
Worker queue capacity: 				50
Max number of jobs assigned by master: 		30
Worker node selection strategy: 		RANDOM
Job distribution strategy: 			EXPONENTIAL
Constant chunk distribution size (used only if job distribution is CONSTANT): 10
==============PARAMETERS===========================

Master about to launch slaves.
Master ready to begin job assignment.
Master joining on workers.

Log for thread id 0
Remember that logs are printed from last event to first event.
Node 0 processed for 147656735 ms = 147.656735 sec

Log for thread id 1
Remember that logs are printed from last event to first event.
Node 1 processed for 146419268 ms = 146.419268 sec

Log for thread id 2
Remember that logs are printed from last event to first event.
Node 2 processed for 146367538 ms = 146.367538 sec

Log for thread id 3
Remember that logs are printed from last event to first event.
Node 3 processed for 146432435 ms = 146.432435 sec

Log for thread id 4
Remember that logs are printed from last event to first event.
Node 4 processed for 145116641 ms = 145.116641 sec

Log for thread id 5
Remember that logs are printed from last event to first event.
Node 5 processed for 144961787 ms = 144.961787 sec

Log for thread id 6
Remember that logs are printed from last event to first event.
Node 6 processed for 146300603 ms = 146.300603 sec

Log for thread id 7
Remember that logs are printed from last event to first event.
Node 7 processed for 147435859 ms = 147.435859 sec

Log for thread id 8
Remember that logs are printed from last event to first event.
Node 8 processed for 146702178 ms = 146.702178 sec

Log for thread id 9
Remember that logs are printed from last event to first event.
Node 9 processed for 146366135 ms = 146.366135 sec

Log for thread id -1
Remember that logs are printed from last event to first event.
Node -1 processed for 73601154 ms = 73.601154 sec


Number of LARGE jobs: 1000
Number of MID jobs: 0
Number of SMALL jobs: 0
Threaded timing: 147655837 ms = 147.655837 sec 
Estimated sequential processing time: 1284534000 ms = 1284.534000 sec
Rough speedup: 8.70x
