==============PARAMETERS===========================
Number of jobs to distribute: 			1000
Type of jobs being ran by workers: 		SMALL jobs
Number of workers: 				20
Worker queue capacity: 				50
Max number of jobs assigned by master: 		30
Worker node selection strategy: 		SEQUENTIAL
Job distribution strategy: 			LINEAR
Constant chunk distribution size (used only if job distribution is CONSTANT): 10
==============PARAMETERS===========================

Master about to launch slaves.
Master ready to begin job assignment.
Master joining on workers.

Log for thread id 0
Remember that logs are printed from last event to first event.
Node 0 processed for 11519671 ms = 11.519671 sec

Log for thread id 1
Remember that logs are printed from last event to first event.
Node 1 processed for 20515392 ms = 20.515392 sec

Log for thread id 2
Remember that logs are printed from last event to first event.
Node 2 processed for 20875803 ms = 20.875803 sec

Log for thread id 3
Remember that logs are printed from last event to first event.
Node 3 processed for 20926735 ms = 20.926735 sec

Log for thread id 4
Remember that logs are printed from last event to first event.
Node 4 processed for 21336017 ms = 21.336017 sec

Log for thread id 5
Remember that logs are printed from last event to first event.
Node 5 processed for 21299706 ms = 21.299706 sec

Log for thread id 6
Remember that logs are printed from last event to first event.
Node 6 processed for 21665052 ms = 21.665052 sec

Log for thread id 7
Remember that logs are printed from last event to first event.
Node 7 processed for 22065170 ms = 22.065170 sec

Log for thread id 8
Remember that logs are printed from last event to first event.
Node 8 processed for 21722675 ms = 21.722675 sec

Log for thread id 9
Remember that logs are printed from last event to first event.
Node 9 processed for 22089873 ms = 22.089873 sec

Log for thread id 10
Remember that logs are printed from last event to first event.
Node 10 processed for 22136839 ms = 22.136839 sec

Log for thread id 11
Remember that logs are printed from last event to first event.
Node 11 processed for 22171468 ms = 22.171468 sec

Log for thread id 12
Remember that logs are printed from last event to first event.
Node 12 processed for 22175108 ms = 22.175108 sec

Log for thread id 13
Remember that logs are printed from last event to first event.
Node 13 processed for 22213926 ms = 22.213926 sec

Log for thread id 14
Remember that logs are printed from last event to first event.
Node 14 processed for 20810480 ms = 20.810480 sec

Log for thread id 15
Remember that logs are printed from last event to first event.
Node 15 processed for 11333688 ms = 11.333688 sec

Log for thread id 16
Remember that logs are printed from last event to first event.
Node 16 processed for 11388109 ms = 11.388109 sec

Log for thread id 17
Remember that logs are printed from last event to first event.
Node 17 processed for 11433667 ms = 11.433667 sec

Log for thread id 18
Remember that logs are printed from last event to first event.
Node 18 processed for 11449956 ms = 11.449956 sec

Log for thread id 19
Remember that logs are printed from last event to first event.
Node 19 processed for 11477937 ms = 11.477937 sec

Log for thread id -1
Remember that logs are printed from last event to first event.
Node -1 processed for 4090654 ms = 4.090654 sec


Number of LARGE jobs: 0
Number of MID jobs: 0
Number of SMALL jobs: 1000
Threaded timing: 22213429 ms = 22.213429 sec 
Estimated sequential processing time: 320626000 ms = 320.626000 sec
Rough speedup: 14.43x
