==============PARAMETERS===========================
Number of jobs to distribute: 			1000
Type of jobs being ran by workers: 		SMALL jobs
Number of workers: 				30
Worker queue capacity: 				50
Max number of jobs assigned by master: 		30
Worker node selection strategy: 		RANDOM
Job distribution strategy: 			CONSTANT
Constant chunk distribution size (used only if job distribution is CONSTANT): 10
==============PARAMETERS===========================

Master about to launch slaves.
Master ready to begin job assignment.
Master joining on workers.

Log for thread id 0
Remember that logs are printed from last event to first event.
Node 0 processed for 12637387 ms = 12.637387 sec

Log for thread id 1
Remember that logs are printed from last event to first event.
Node 1 processed for 20737821 ms = 20.737821 sec

Log for thread id 2
Remember that logs are printed from last event to first event.
Node 2 processed for 20018692 ms = 20.018692 sec

Log for thread id 3
Remember that logs are printed from last event to first event.
Node 3 processed for 9545799 ms = 9.545799 sec

Log for thread id 4
Remember that logs are printed from last event to first event.
Node 4 processed for 5148509 ms = 5.148509 sec

Log for thread id 5
Remember that logs are printed from last event to first event.
Node 5 processed for 13084483 ms = 13.084483 sec

Log for thread id 6
Remember that logs are printed from last event to first event.
Node 6 processed for 19099385 ms = 19.099385 sec

Log for thread id 7
Remember that logs are printed from last event to first event.
Node 7 processed for 15939939 ms = 15.939939 sec

Log for thread id 8
Remember that logs are printed from last event to first event.
Node 8 processed for 8654091 ms = 8.654091 sec

Log for thread id 9
Remember that logs are printed from last event to first event.
Node 9 processed for 20273477 ms = 20.273477 sec

Log for thread id 10
Remember that logs are printed from last event to first event.
Node 10 processed for 8863886 ms = 8.863886 sec

Log for thread id 11
Remember that logs are printed from last event to first event.
Node 11 processed for 19759579 ms = 19.759579 sec

Log for thread id 12
Remember that logs are printed from last event to first event.
Node 12 processed for 16159004 ms = 16.159004 sec

Log for thread id 13
Remember that logs are printed from last event to first event.
Node 13 processed for 13318639 ms = 13.318639 sec

Log for thread id 14
Remember that logs are printed from last event to first event.
Node 14 processed for 16233905 ms = 16.233905 sec

Log for thread id 15
Remember that logs are printed from last event to first event.
Node 15 processed for 5867163 ms = 5.867163 sec

Log for thread id 16
Remember that logs are printed from last event to first event.
Node 16 processed for 13884218 ms = 13.884218 sec

Log for thread id 17
Remember that logs are printed from last event to first event.
Node 17 processed for 19897316 ms = 19.897316 sec

Log for thread id 18
Remember that logs are printed from last event to first event.
Node 18 processed for 20738879 ms = 20.738879 sec

Log for thread id 19
Remember that logs are printed from last event to first event.
Node 19 processed for 12291099 ms = 12.291099 sec

Log for thread id 20
Remember that logs are printed from last event to first event.
Node 20 processed for 19279782 ms = 19.279782 sec

Log for thread id 21
Remember that logs are printed from last event to first event.
Node 21 processed for 4367206 ms = 4.367206 sec

Log for thread id 22
Remember that logs are printed from last event to first event.
Node 22 processed for 20644169 ms = 20.644169 sec

Log for thread id 23
Remember that logs are printed from last event to first event.
Node 23 processed for 12435929 ms = 12.435929 sec

Log for thread id 24
Remember that logs are printed from last event to first event.
Node 24 processed for 9772506 ms = 9.772506 sec

Log for thread id 25
Remember that logs are printed from last event to first event.
Node 25 processed for 8097198 ms = 8.097198 sec

Log for thread id 26
Remember that logs are printed from last event to first event.
Node 26 processed for 11782546 ms = 11.782546 sec

Log for thread id 27
Remember that logs are printed from last event to first event.
Node 27 processed for 16409473 ms = 16.409473 sec

Log for thread id 28
Remember that logs are printed from last event to first event.
Node 28 processed for 12330523 ms = 12.330523 sec

Log for thread id 29
Remember that logs are printed from last event to first event.
Node 29 processed for 9847061 ms = 9.847061 sec

Log for thread id -1
Remember that logs are printed from last event to first event.
Node -1 processed for 2922004 ms = 2.922004 sec


Number of LARGE jobs: 0
Number of MID jobs: 0
Number of SMALL jobs: 1000
Threaded timing: 20737932 ms = 20.737932 sec 
Estimated sequential processing time: 320615000 ms = 320.615000 sec
Rough speedup: 15.46x
