==============PARAMETERS===========================
Number of jobs to distribute: 			1000
Type of jobs being ran by workers: 		LARGE jobs
Number of workers: 				20
Worker queue capacity: 				50
Max number of jobs assigned by master: 		30
Worker node selection strategy: 		RANDOM
Job distribution strategy: 			LINEAR
Constant chunk distribution size (used only if job distribution is CONSTANT): 10
==============PARAMETERS===========================

Master about to launch slaves.
Master ready to begin job assignment.
Master joining on workers.

Log for thread id 0
Remember that logs are printed from last event to first event.
Node 0 processed for 83429194 ms = 83.429194 sec

Log for thread id 1
Remember that logs are printed from last event to first event.
Node 1 processed for 81874630 ms = 81.874630 sec

Log for thread id 2
Remember that logs are printed from last event to first event.
Node 2 processed for 79627800 ms = 79.627800 sec

Log for thread id 3
Remember that logs are printed from last event to first event.
Node 3 processed for 85836234 ms = 85.836234 sec

Log for thread id 4
Remember that logs are printed from last event to first event.
Node 4 processed for 82441337 ms = 82.441337 sec

Log for thread id 5
Remember that logs are printed from last event to first event.
Node 5 processed for 79366800 ms = 79.366800 sec

Log for thread id 6
Remember that logs are printed from last event to first event.
Node 6 processed for 45460340 ms = 45.460340 sec

Log for thread id 7
Remember that logs are printed from last event to first event.
Node 7 processed for 80174048 ms = 80.174048 sec

Log for thread id 8
Remember that logs are printed from last event to first event.
Node 8 processed for 82040307 ms = 82.040307 sec

Log for thread id 9
Remember that logs are printed from last event to first event.
Node 9 processed for 80943119 ms = 80.943119 sec

Log for thread id 10
Remember that logs are printed from last event to first event.
Node 10 processed for 85158475 ms = 85.158475 sec

Log for thread id 11
Remember that logs are printed from last event to first event.
Node 11 processed for 60769517 ms = 60.769517 sec

Log for thread id 12
Remember that logs are printed from last event to first event.
Node 12 processed for 83399836 ms = 83.399836 sec

Log for thread id 13
Remember that logs are printed from last event to first event.
Node 13 processed for 80508084 ms = 80.508084 sec

Log for thread id 14
Remember that logs are printed from last event to first event.
Node 14 processed for 44415526 ms = 44.415526 sec

Log for thread id 15
Remember that logs are printed from last event to first event.
Node 15 processed for 80482670 ms = 80.482670 sec

Log for thread id 16
Remember that logs are printed from last event to first event.
Node 16 processed for 83722085 ms = 83.722085 sec

Log for thread id 17
Remember that logs are printed from last event to first event.
Node 17 processed for 83165628 ms = 83.165628 sec

Log for thread id 18
Remember that logs are printed from last event to first event.
Node 18 processed for 44872270 ms = 44.872270 sec

Log for thread id 19
Remember that logs are printed from last event to first event.
Node 19 processed for 45174319 ms = 45.174319 sec

Log for thread id -1
Remember that logs are printed from last event to first event.
Node -1 processed for 11876810 ms = 11.876810 sec


Number of LARGE jobs: 1000
Number of MID jobs: 0
Number of SMALL jobs: 0
Threaded timing: 85835022 ms = 85.835022 sec 
Estimated sequential processing time: 1279478000 ms = 1279.478000 sec
Rough speedup: 14.91x
