==============PARAMETERS===========================
Number of jobs to distribute: 			1000
Type of jobs being ran by workers: 		SMALL jobs
Number of workers: 				5
Worker queue capacity: 				50
Max number of jobs assigned by master: 		30
Worker node selection strategy: 		SHORTEST QUEUE
Job distribution strategy: 			EXPONENTIAL
Constant chunk distribution size (used only if job distribution is CONSTANT): 10
==============PARAMETERS===========================

Master about to launch slaves.
Master ready to begin job assignment.
Master joining on workers.

Log for thread id 0
Remember that logs are printed from last event to first event.
Node 0 processed for 67453296 ms = 67.453296 sec

Log for thread id 1
Remember that logs are printed from last event to first event.
Node 1 processed for 67022375 ms = 67.022375 sec

Log for thread id 2
Remember that logs are printed from last event to first event.
Node 2 processed for 66777773 ms = 66.777773 sec

Log for thread id 3
Remember that logs are printed from last event to first event.
Node 3 processed for 66630453 ms = 66.630453 sec

Log for thread id 4
Remember that logs are printed from last event to first event.
Node 4 processed for 67476099 ms = 67.476099 sec

Log for thread id -1
Remember that logs are printed from last event to first event.
Node -1 processed for 50547524 ms = 50.547524 sec


Number of LARGE jobs: 0
Number of MID jobs: 0
Number of SMALL jobs: 1000
Threaded timing: 67476154 ms = 67.476154 sec 
Estimated sequential processing time: 320872000 ms = 320.872000 sec
Rough speedup: 4.76x
