==============PARAMETERS===========================
Number of jobs to distribute: 			1000
Type of jobs being ran by workers: 		VARIED jobs
Number of workers: 				10
Worker queue capacity: 				50
Max number of jobs assigned by master: 		30
Worker node selection strategy: 		SHORTEST QUEUE
Job distribution strategy: 			LINEAR
Constant chunk distribution size (used only if job distribution is CONSTANT): 10
==============PARAMETERS===========================

Master about to launch slaves.
Master ready to begin job assignment.
Master joining on workers.

Log for thread id 0
Remember that logs are printed from last event to first event.
Node 0 processed for 84031311 ms = 84.031311 sec

Log for thread id 1
Remember that logs are printed from last event to first event.
Node 1 processed for 79301591 ms = 79.301591 sec

Log for thread id 2
Remember that logs are printed from last event to first event.
Node 2 processed for 84245993 ms = 84.245993 sec

Log for thread id 3
Remember that logs are printed from last event to first event.
Node 3 processed for 85419699 ms = 85.419699 sec

Log for thread id 4
Remember that logs are printed from last event to first event.
Node 4 processed for 77947242 ms = 77.947242 sec

Log for thread id 5
Remember that logs are printed from last event to first event.
Node 5 processed for 81782754 ms = 81.782754 sec

Log for thread id 6
Remember that logs are printed from last event to first event.
Node 6 processed for 79065184 ms = 79.065184 sec

Log for thread id 7
Remember that logs are printed from last event to first event.
Node 7 processed for 89510340 ms = 89.510340 sec

Log for thread id 8
Remember that logs are printed from last event to first event.
Node 8 processed for 89631053 ms = 89.631053 sec

Log for thread id 9
Remember that logs are printed from last event to first event.
Node 9 processed for 81343087 ms = 81.343087 sec

Log for thread id -1
Remember that logs are printed from last event to first event.
Node -1 processed for 41469479 ms = 41.469479 sec


Number of LARGE jobs: 309
Number of MID jobs: 357
Number of SMALL jobs: 334
Threaded timing: 89631225 ms = 89.631225 sec 
Estimated sequential processing time: 732140331 ms = 732.140331 sec
Rough speedup: 8.17x
