==============PARAMETERS===========================
Number of jobs to distribute: 			1000
Type of jobs being ran by workers: 		VARIED jobs
Number of workers: 				20
Worker queue capacity: 				50
Max number of jobs assigned by master: 		30
Worker node selection strategy: 		SEQUENTIAL
Job distribution strategy: 			EXPONENTIAL
Constant chunk distribution size (used only if job distribution is CONSTANT): 10
==============PARAMETERS===========================

Master about to launch slaves.
Master ready to begin job assignment.
Master joining on workers.

Log for thread id 0
Remember that logs are printed from last event to first event.
Node 0 processed for 53029290 ms = 53.029290 sec

Log for thread id 1
Remember that logs are printed from last event to first event.
Node 1 processed for 43438310 ms = 43.438310 sec

Log for thread id 2
Remember that logs are printed from last event to first event.
Node 2 processed for 56014870 ms = 56.014870 sec

Log for thread id 3
Remember that logs are printed from last event to first event.
Node 3 processed for 37360423 ms = 37.360423 sec

Log for thread id 4
Remember that logs are printed from last event to first event.
Node 4 processed for 35925523 ms = 35.925523 sec

Log for thread id 5
Remember that logs are printed from last event to first event.
Node 5 processed for 34844391 ms = 34.844391 sec

Log for thread id 6
Remember that logs are printed from last event to first event.
Node 6 processed for 42500451 ms = 42.500451 sec

Log for thread id 7
Remember that logs are printed from last event to first event.
Node 7 processed for 35265316 ms = 35.265316 sec

Log for thread id 8
Remember that logs are printed from last event to first event.
Node 8 processed for 39721688 ms = 39.721688 sec

Log for thread id 9
Remember that logs are printed from last event to first event.
Node 9 processed for 33490605 ms = 33.490605 sec

Log for thread id 10
Remember that logs are printed from last event to first event.
Node 10 processed for 40796184 ms = 40.796184 sec

Log for thread id 11
Remember that logs are printed from last event to first event.
Node 11 processed for 37194518 ms = 37.194518 sec

Log for thread id 12
Remember that logs are printed from last event to first event.
Node 12 processed for 40492289 ms = 40.492289 sec

Log for thread id 13
Remember that logs are printed from last event to first event.
Node 13 processed for 35786440 ms = 35.786440 sec

Log for thread id 14
Remember that logs are printed from last event to first event.
Node 14 processed for 47089526 ms = 47.089526 sec

Log for thread id 15
Remember that logs are printed from last event to first event.
Node 15 processed for 51462242 ms = 51.462242 sec

Log for thread id 16
Remember that logs are printed from last event to first event.
Node 16 processed for 52663349 ms = 52.663349 sec

Log for thread id 17
Remember that logs are printed from last event to first event.
Node 17 processed for 45934817 ms = 45.934817 sec

Log for thread id 18
Remember that logs are printed from last event to first event.
Node 18 processed for 40260721 ms = 40.260721 sec

Log for thread id 19
Remember that logs are printed from last event to first event.
Node 19 processed for 40329985 ms = 40.329985 sec

Log for thread id -1
Remember that logs are printed from last event to first event.
Node -1 processed for 9880821 ms = 9.880821 sec


Number of LARGE jobs: 320
Number of MID jobs: 348
Number of SMALL jobs: 332
Threaded timing: 56013402 ms = 56.013402 sec 
Estimated sequential processing time: 739046668 ms = 739.046668 sec
Rough speedup: 13.19x
