==============PARAMETERS===========================
Number of jobs to distribute: 			1000
Type of jobs being ran by workers: 		VARIED jobs
Number of workers: 				30
Worker queue capacity: 				50
Max number of jobs assigned by master: 		30
Worker node selection strategy: 		SHORTEST QUEUE
Job distribution strategy: 			CONSTANT
Constant chunk distribution size (used only if job distribution is CONSTANT): 10
==============PARAMETERS===========================

Master about to launch slaves.
Master ready to begin job assignment.
Master joining on workers.

Log for thread id 0
Remember that logs are printed from last event to first event.
Node 0 processed for 41173943 ms = 41.173943 sec

Log for thread id 1
Remember that logs are printed from last event to first event.
Node 1 processed for 32591718 ms = 32.591718 sec

Log for thread id 2
Remember that logs are printed from last event to first event.
Node 2 processed for 37421983 ms = 37.421983 sec

Log for thread id 3
Remember that logs are printed from last event to first event.
Node 3 processed for 30165325 ms = 30.165325 sec

Log for thread id 4
Remember that logs are printed from last event to first event.
Node 4 processed for 26131653 ms = 26.131653 sec

Log for thread id 5
Remember that logs are printed from last event to first event.
Node 5 processed for 36740836 ms = 36.740836 sec

Log for thread id 6
Remember that logs are printed from last event to first event.
Node 6 processed for 34677539 ms = 34.677539 sec

Log for thread id 7
Remember that logs are printed from last event to first event.
Node 7 processed for 35478371 ms = 35.478371 sec

Log for thread id 8
Remember that logs are printed from last event to first event.
Node 8 processed for 34738419 ms = 34.738419 sec

Log for thread id 9
Remember that logs are printed from last event to first event.
Node 9 processed for 36623536 ms = 36.623536 sec

Log for thread id 10
Remember that logs are printed from last event to first event.
Node 10 processed for 40827332 ms = 40.827332 sec

Log for thread id 11
Remember that logs are printed from last event to first event.
Node 11 processed for 30946954 ms = 30.946954 sec

Log for thread id 12
Remember that logs are printed from last event to first event.
Node 12 processed for 36678519 ms = 36.678519 sec

Log for thread id 13
Remember that logs are printed from last event to first event.
Node 13 processed for 32818953 ms = 32.818953 sec

Log for thread id 14
Remember that logs are printed from last event to first event.
Node 14 processed for 35225051 ms = 35.225051 sec

Log for thread id 15
Remember that logs are printed from last event to first event.
Node 15 processed for 41266027 ms = 41.266027 sec

Log for thread id 16
Remember that logs are printed from last event to first event.
Node 16 processed for 29309008 ms = 29.309008 sec

Log for thread id 17
Remember that logs are printed from last event to first event.
Node 17 processed for 31359704 ms = 31.359704 sec

Log for thread id 18
Remember that logs are printed from last event to first event.
Node 18 processed for 37634556 ms = 37.634556 sec

Log for thread id 19
Remember that logs are printed from last event to first event.
Node 19 processed for 33387156 ms = 33.387156 sec

Log for thread id 20
Remember that logs are printed from last event to first event.
Node 20 processed for 33627496 ms = 33.627496 sec

Log for thread id 21
Remember that logs are printed from last event to first event.
Node 21 processed for 33782278 ms = 33.782278 sec

Log for thread id 22
Remember that logs are printed from last event to first event.
Node 22 processed for 26826046 ms = 26.826046 sec

Log for thread id 23
Remember that logs are printed from last event to first event.
Node 23 processed for 34096253 ms = 34.096253 sec

Log for thread id 24
Remember that logs are printed from last event to first event.
Node 24 processed for 32548069 ms = 32.548069 sec

Log for thread id 25
Remember that logs are printed from last event to first event.
Node 25 processed for 25814586 ms = 25.814586 sec

Log for thread id 26
Remember that logs are printed from last event to first event.
Node 26 processed for 35648887 ms = 35.648887 sec

Log for thread id 27
Remember that logs are printed from last event to first event.
Node 27 processed for 31694976 ms = 31.694976 sec

Log for thread id 28
Remember that logs are printed from last event to first event.
Node 28 processed for 38837567 ms = 38.837567 sec

Log for thread id 29
Remember that logs are printed from last event to first event.
Node 29 processed for 36589972 ms = 36.589972 sec

Log for thread id -1
Remember that logs are printed from last event to first event.
Node -1 processed for 2570149 ms = 2.570149 sec


Number of LARGE jobs: 326
Number of MID jobs: 347
Number of SMALL jobs: 327
Threaded timing: 41264443 ms = 41.264443 sec 
Estimated sequential processing time: 745566809 ms = 745.566809 sec
Rough speedup: 18.07x
