==============PARAMETERS===========================
Number of jobs to distribute: 			1000
Type of jobs being ran by workers: 		SMALL jobs
Number of workers: 				10
Worker queue capacity: 				50
Max number of jobs assigned by master: 		30
Worker node selection strategy: 		RANDOM
Job distribution strategy: 			CONSTANT
Constant chunk distribution size (used only if job distribution is CONSTANT): 10
==============PARAMETERS===========================

Master about to launch slaves.
Master ready to begin job assignment.
Master joining on workers.

Log for thread id 0
Remember that logs are printed from last event to first event.
Node 0 processed for 36680970 ms = 36.680970 sec

Log for thread id 1
Remember that logs are printed from last event to first event.
Node 1 processed for 37069376 ms = 37.069376 sec

Log for thread id 2
Remember that logs are printed from last event to first event.
Node 2 processed for 36602455 ms = 36.602455 sec

Log for thread id 3
Remember that logs are printed from last event to first event.
Node 3 processed for 36986142 ms = 36.986142 sec

Log for thread id 4
Remember that logs are printed from last event to first event.
Node 4 processed for 37237607 ms = 37.237607 sec

Log for thread id 5
Remember that logs are printed from last event to first event.
Node 5 processed for 36657958 ms = 36.657958 sec

Log for thread id 6
Remember that logs are printed from last event to first event.
Node 6 processed for 37025189 ms = 37.025189 sec

Log for thread id 7
Remember that logs are printed from last event to first event.
Node 7 processed for 36559238 ms = 36.559238 sec

Log for thread id 8
Remember that logs are printed from last event to first event.
Node 8 processed for 36832534 ms = 36.832534 sec

Log for thread id 9
Remember that logs are printed from last event to first event.
Node 9 processed for 36915758 ms = 36.915758 sec

Log for thread id -1
Remember that logs are printed from last event to first event.
Node -1 processed for 18776081 ms = 18.776081 sec


Number of LARGE jobs: 0
Number of MID jobs: 0
Number of SMALL jobs: 1000
Threaded timing: 37237259 ms = 37.237259 sec 
Estimated sequential processing time: 321706000 ms = 321.706000 sec
Rough speedup: 8.64x
