==============PARAMETERS===========================
Number of jobs to distribute: 			1000
Type of jobs being ran by workers: 		VARIED jobs
Number of workers: 				5
Worker queue capacity: 				50
Max number of jobs assigned by master: 		30
Worker node selection strategy: 		RANDOM
Job distribution strategy: 			EXPONENTIAL
Constant chunk distribution size (used only if job distribution is CONSTANT): 10
==============PARAMETERS===========================

Master about to launch slaves.
Master ready to begin job assignment.
Master joining on workers.

Log for thread id 0
Remember that logs are printed from last event to first event.
Node 0 processed for 156490082 ms = 156.490082 sec

Log for thread id 1
Remember that logs are printed from last event to first event.
Node 1 processed for 154371571 ms = 154.371571 sec

Log for thread id 2
Remember that logs are printed from last event to first event.
Node 2 processed for 162617424 ms = 162.617424 sec

Log for thread id 3
Remember that logs are printed from last event to first event.
Node 3 processed for 154702821 ms = 154.702821 sec

Log for thread id 4
Remember that logs are printed from last event to first event.
Node 4 processed for 151486802 ms = 151.486802 sec

Log for thread id -1
Remember that logs are printed from last event to first event.
Node -1 processed for 117233363 ms = 117.233363 sec


Number of LARGE jobs: 330
Number of MID jobs: 334
Number of SMALL jobs: 336
Threaded timing: 162617345 ms = 162.617345 sec 
Estimated sequential processing time: 743977726 ms = 743.977726 sec
Rough speedup: 4.58x
