==============PARAMETERS===========================
Number of jobs to distribute: 			1000
Type of jobs being ran by workers: 		VARIED jobs
Number of workers: 				5
Worker queue capacity: 				50
Max number of jobs assigned by master: 		30
Worker node selection strategy: 		RANDOM
Job distribution strategy: 			CONSTANT
Constant chunk distribution size (used only if job distribution is CONSTANT): 10
==============PARAMETERS===========================

Master about to launch slaves.
Master ready to begin job assignment.
Master joining on workers.

Log for thread id 0
Remember that logs are printed from last event to first event.
Node 0 processed for 156396254 ms = 156.396254 sec

Log for thread id 1
Remember that logs are printed from last event to first event.
Node 1 processed for 154489378 ms = 154.489378 sec

Log for thread id 2
Remember that logs are printed from last event to first event.
Node 2 processed for 157349998 ms = 157.349998 sec

Log for thread id 3
Remember that logs are printed from last event to first event.
Node 3 processed for 160433243 ms = 160.433243 sec

Log for thread id 4
Remember that logs are printed from last event to first event.
Node 4 processed for 162045763 ms = 162.045763 sec

Log for thread id -1
Remember that logs are printed from last event to first event.
Node -1 processed for 121270523 ms = 121.270523 sec


Number of LARGE jobs: 346
Number of MID jobs: 322
Number of SMALL jobs: 332
Threaded timing: 162045801 ms = 162.045801 sec 
Estimated sequential processing time: 755382666 ms = 755.382666 sec
Rough speedup: 4.66x
