==============PARAMETERS===========================
Number of jobs to distribute: 			1000
Type of jobs being ran by workers: 		SMALL jobs
Number of workers: 				20
Worker queue capacity: 				50
Max number of jobs assigned by master: 		30
Worker node selection strategy: 		RANDOM
Job distribution strategy: 			LINEAR
Constant chunk distribution size (used only if job distribution is CONSTANT): 10
==============PARAMETERS===========================

Master about to launch slaves.
Master ready to begin job assignment.
Master joining on workers.

Log for thread id 0
Remember that logs are printed from last event to first event.
Node 0 processed for 11236292 ms = 11.236292 sec

Log for thread id 1
Remember that logs are printed from last event to first event.
Node 1 processed for 22214706 ms = 22.214706 sec

Log for thread id 2
Remember that logs are printed from last event to first event.
Node 2 processed for 16155498 ms = 16.155498 sec

Log for thread id 3
Remember that logs are printed from last event to first event.
Node 3 processed for 22523947 ms = 22.523947 sec

Log for thread id 4
Remember that logs are printed from last event to first event.
Node 4 processed for 11921580 ms = 11.921580 sec

Log for thread id 5
Remember that logs are printed from last event to first event.
Node 5 processed for 21607644 ms = 21.607644 sec

Log for thread id 6
Remember that logs are printed from last event to first event.
Node 6 processed for 22294339 ms = 22.294339 sec

Log for thread id 7
Remember that logs are printed from last event to first event.
Node 7 processed for 22280096 ms = 22.280096 sec

Log for thread id 8
Remember that logs are printed from last event to first event.
Node 8 processed for 22683306 ms = 22.683306 sec

Log for thread id 9
Remember that logs are printed from last event to first event.
Node 9 processed for 22078542 ms = 22.078542 sec

Log for thread id 10
Remember that logs are printed from last event to first event.
Node 10 processed for 11720362 ms = 11.720362 sec

Log for thread id 11
Remember that logs are printed from last event to first event.
Node 11 processed for 21922531 ms = 21.922531 sec

Log for thread id 12
Remember that logs are printed from last event to first event.
Node 12 processed for 10986368 ms = 10.986368 sec

Log for thread id 13
Remember that logs are printed from last event to first event.
Node 13 processed for 11375155 ms = 11.375155 sec

Log for thread id 14
Remember that logs are printed from last event to first event.
Node 14 processed for 22462931 ms = 22.462931 sec

Log for thread id 15
Remember that logs are printed from last event to first event.
Node 15 processed for 22415756 ms = 22.415756 sec

Log for thread id 16
Remember that logs are printed from last event to first event.
Node 16 processed for 22175813 ms = 22.175813 sec

Log for thread id 17
Remember that logs are printed from last event to first event.
Node 17 processed for 21444832 ms = 21.444832 sec

Log for thread id 18
Remember that logs are printed from last event to first event.
Node 18 processed for 12744987 ms = 12.744987 sec

Log for thread id 19
Remember that logs are printed from last event to first event.
Node 19 processed for 22015179 ms = 22.015179 sec

Log for thread id -1
Remember that logs are printed from last event to first event.
Node -1 processed for 4223616 ms = 4.223616 sec


Number of LARGE jobs: 0
Number of MID jobs: 0
Number of SMALL jobs: 1000
Threaded timing: 22682357 ms = 22.682357 sec 
Estimated sequential processing time: 320759000 ms = 320.759000 sec
Rough speedup: 14.14x
