==============PARAMETERS===========================
Number of jobs to distribute: 			1000
Type of jobs being ran by workers: 		LARGE jobs
Number of workers: 				5
Worker queue capacity: 				50
Max number of jobs assigned by master: 		30
Worker node selection strategy: 		SHORTEST QUEUE
Job distribution strategy: 			EXPONENTIAL
Constant chunk distribution size (used only if job distribution is CONSTANT): 10
==============PARAMETERS===========================

Master about to launch slaves.
Master ready to begin job assignment.
Master joining on workers.

Log for thread id 0
Remember that logs are printed from last event to first event.
Node 0 processed for 270334545 ms = 270.334545 sec

Log for thread id 1
Remember that logs are printed from last event to first event.
Node 1 processed for 266663115 ms = 266.663115 sec

Log for thread id 2
Remember that logs are printed from last event to first event.
Node 2 processed for 268496888 ms = 268.496888 sec

Log for thread id 3
Remember that logs are printed from last event to first event.
Node 3 processed for 267908160 ms = 267.908160 sec

Log for thread id 4
Remember that logs are printed from last event to first event.
Node 4 processed for 267812373 ms = 267.812373 sec

Log for thread id -1
Remember that logs are printed from last event to first event.
Node -1 processed for 200443191 ms = 200.443191 sec


Number of LARGE jobs: 1000
Number of MID jobs: 0
Number of SMALL jobs: 0
Threaded timing: 270333897 ms = 270.333897 sec 
Estimated sequential processing time: 1283404000 ms = 1283.404000 sec
Rough speedup: 4.75x
