==============PARAMETERS===========================
Number of jobs to distribute: 			1000
Type of jobs being ran by workers: 		LARGE jobs
Number of workers: 				10
Worker queue capacity: 				50
Max number of jobs assigned by master: 		30
Worker node selection strategy: 		RANDOM
Job distribution strategy: 			LINEAR
Constant chunk distribution size (used only if job distribution is CONSTANT): 10
==============PARAMETERS===========================

Master about to launch slaves.
Master ready to begin job assignment.
Master joining on workers.

Log for thread id 0
Remember that logs are printed from last event to first event.
Node 0 processed for 146430278 ms = 146.430278 sec

Log for thread id 1
Remember that logs are printed from last event to first event.
Node 1 processed for 146121838 ms = 146.121838 sec

Log for thread id 2
Remember that logs are printed from last event to first event.
Node 2 processed for 144833721 ms = 144.833721 sec

Log for thread id 3
Remember that logs are printed from last event to first event.
Node 3 processed for 147611646 ms = 147.611646 sec

Log for thread id 4
Remember that logs are printed from last event to first event.
Node 4 processed for 147592276 ms = 147.592276 sec

Log for thread id 5
Remember that logs are printed from last event to first event.
Node 5 processed for 145988980 ms = 145.988980 sec

Log for thread id 6
Remember that logs are printed from last event to first event.
Node 6 processed for 144930062 ms = 144.930062 sec

Log for thread id 7
Remember that logs are printed from last event to first event.
Node 7 processed for 146343562 ms = 146.343562 sec

Log for thread id 8
Remember that logs are printed from last event to first event.
Node 8 processed for 146111559 ms = 146.111559 sec

Log for thread id 9
Remember that logs are printed from last event to first event.
Node 9 processed for 146635303 ms = 146.635303 sec

Log for thread id -1
Remember that logs are printed from last event to first event.
Node -1 processed for 74031242 ms = 74.031242 sec


Number of LARGE jobs: 1000
Number of MID jobs: 0
Number of SMALL jobs: 0
Threaded timing: 147611163 ms = 147.611163 sec 
Estimated sequential processing time: 1280631000 ms = 1280.631000 sec
Rough speedup: 8.68x
