==============PARAMETERS===========================
Number of jobs to distribute: 			1000
Type of jobs being ran by workers: 		LARGE jobs
Number of workers: 				10
Worker queue capacity: 				50
Max number of jobs assigned by master: 		30
Worker node selection strategy: 		SEQUENTIAL
Job distribution strategy: 			LINEAR
Constant chunk distribution size (used only if job distribution is CONSTANT): 10
==============PARAMETERS===========================

Master about to launch slaves.
Master ready to begin job assignment.
Master joining on workers.

Log for thread id 0
Remember that logs are printed from last event to first event.
Node 0 processed for 146142614 ms = 146.142614 sec

Log for thread id 1
Remember that logs are printed from last event to first event.
Node 1 processed for 147478171 ms = 147.478171 sec

Log for thread id 2
Remember that logs are printed from last event to first event.
Node 2 processed for 146288105 ms = 146.288105 sec

Log for thread id 3
Remember that logs are printed from last event to first event.
Node 3 processed for 147516281 ms = 147.516281 sec

Log for thread id 4
Remember that logs are printed from last event to first event.
Node 4 processed for 147416776 ms = 147.416776 sec

Log for thread id 5
Remember that logs are printed from last event to first event.
Node 5 processed for 144801924 ms = 144.801924 sec

Log for thread id 6
Remember that logs are printed from last event to first event.
Node 6 processed for 144775776 ms = 144.775776 sec

Log for thread id 7
Remember that logs are printed from last event to first event.
Node 7 processed for 144907468 ms = 144.907468 sec

Log for thread id 8
Remember that logs are printed from last event to first event.
Node 8 processed for 146165869 ms = 146.165869 sec

Log for thread id 9
Remember that logs are printed from last event to first event.
Node 9 processed for 146344499 ms = 146.344499 sec

Log for thread id -1
Remember that logs are printed from last event to first event.
Node -1 processed for 73651799 ms = 73.651799 sec


Number of LARGE jobs: 1000
Number of MID jobs: 0
Number of SMALL jobs: 0
Threaded timing: 147516236 ms = 147.516236 sec 
Estimated sequential processing time: 1285031000 ms = 1285.031000 sec
Rough speedup: 8.71x
