==============PARAMETERS===========================
Number of jobs to distribute: 			1000
Type of jobs being ran by workers: 		VARIED jobs
Number of workers: 				10
Worker queue capacity: 				50
Max number of jobs assigned by master: 		30
Worker node selection strategy: 		SHORTEST QUEUE
Job distribution strategy: 			EXPONENTIAL
Constant chunk distribution size (used only if job distribution is CONSTANT): 10
==============PARAMETERS===========================

Master about to launch slaves.
Master ready to begin job assignment.
Master joining on workers.

Log for thread id 0
Remember that logs are printed from last event to first event.
Node 0 processed for 91471934 ms = 91.471934 sec

Log for thread id 1
Remember that logs are printed from last event to first event.
Node 1 processed for 81601241 ms = 81.601241 sec

Log for thread id 2
Remember that logs are printed from last event to first event.
Node 2 processed for 88794727 ms = 88.794727 sec

Log for thread id 3
Remember that logs are printed from last event to first event.
Node 3 processed for 85237365 ms = 85.237365 sec

Log for thread id 4
Remember that logs are printed from last event to first event.
Node 4 processed for 90171813 ms = 90.171813 sec

Log for thread id 5
Remember that logs are printed from last event to first event.
Node 5 processed for 85818690 ms = 85.818690 sec

Log for thread id 6
Remember that logs are printed from last event to first event.
Node 6 processed for 89817398 ms = 89.817398 sec

Log for thread id 7
Remember that logs are printed from last event to first event.
Node 7 processed for 86087396 ms = 86.087396 sec

Log for thread id 8
Remember that logs are printed from last event to first event.
Node 8 processed for 84170794 ms = 84.170794 sec

Log for thread id 9
Remember that logs are printed from last event to first event.
Node 9 processed for 86302609 ms = 86.302609 sec

Log for thread id -1
Remember that logs are printed from last event to first event.
Node -1 processed for 43930979 ms = 43.930979 sec


Number of LARGE jobs: 349
Number of MID jobs: 336
Number of SMALL jobs: 315
Threaded timing: 91471311 ms = 91.471311 sec 
Estimated sequential processing time: 764734930 ms = 764.734930 sec
Rough speedup: 8.36x
