==============PARAMETERS===========================
Number of jobs to distribute: 			1000
Type of jobs being ran by workers: 		LARGE jobs
Number of workers: 				5
Worker queue capacity: 				50
Max number of jobs assigned by master: 		30
Worker node selection strategy: 		RANDOM
Job distribution strategy: 			CONSTANT
Constant chunk distribution size (used only if job distribution is CONSTANT): 10
==============PARAMETERS===========================

Master about to launch slaves.
Master ready to begin job assignment.
Master joining on workers.

Log for thread id 0
Remember that logs are printed from last event to first event.
Node 0 processed for 265688228 ms = 265.688228 sec

Log for thread id 1
Remember that logs are printed from last event to first event.
Node 1 processed for 265220619 ms = 265.220619 sec

Log for thread id 2
Remember that logs are printed from last event to first event.
Node 2 processed for 274176603 ms = 274.176603 sec

Log for thread id 3
Remember that logs are printed from last event to first event.
Node 3 processed for 268327380 ms = 268.327380 sec

Log for thread id 4
Remember that logs are printed from last event to first event.
Node 4 processed for 268207681 ms = 268.207681 sec

Log for thread id -1
Remember that logs are printed from last event to first event.
Node -1 processed for 204894667 ms = 204.894667 sec


Number of LARGE jobs: 1000
Number of MID jobs: 0
Number of SMALL jobs: 0
Threaded timing: 274176385 ms = 274.176385 sec 
Estimated sequential processing time: 1281247000 ms = 1281.247000 sec
Rough speedup: 4.67x
