==============PARAMETERS===========================
Number of jobs to distribute: 			1000
Type of jobs being ran by workers: 		LARGE jobs
Number of workers: 				30
Worker queue capacity: 				50
Max number of jobs assigned by master: 		30
Worker node selection strategy: 		RANDOM
Job distribution strategy: 			EXPONENTIAL
Constant chunk distribution size (used only if job distribution is CONSTANT): 10
==============PARAMETERS===========================

Master about to launch slaves.
Master ready to begin job assignment.
Master joining on workers.

Log for thread id 0
Remember that logs are printed from last event to first event.
Node 0 processed for 55193704 ms = 55.193704 sec

Log for thread id 1
Remember that logs are printed from last event to first event.
Node 1 processed for 55572238 ms = 55.572238 sec

Log for thread id 2
Remember that logs are printed from last event to first event.
Node 2 processed for 56769204 ms = 56.769204 sec

Log for thread id 3
Remember that logs are printed from last event to first event.
Node 3 processed for 56016736 ms = 56.016736 sec

Log for thread id 4
Remember that logs are printed from last event to first event.
Node 4 processed for 55304698 ms = 55.304698 sec

Log for thread id 5
Remember that logs are printed from last event to first event.
Node 5 processed for 55012281 ms = 55.012281 sec

Log for thread id 6
Remember that logs are printed from last event to first event.
Node 6 processed for 75226384 ms = 75.226384 sec

Log for thread id 7
Remember that logs are printed from last event to first event.
Node 7 processed for 54911895 ms = 54.911895 sec

Log for thread id 8
Remember that logs are printed from last event to first event.
Node 8 processed for 54747776 ms = 54.747776 sec

Log for thread id 9
Remember that logs are printed from last event to first event.
Node 9 processed for 82814995 ms = 82.814995 sec

Log for thread id 10
Remember that logs are printed from last event to first event.
Node 10 processed for 54777798 ms = 54.777798 sec

Log for thread id 11
Remember that logs are printed from last event to first event.
Node 11 processed for 54971542 ms = 54.971542 sec

Log for thread id 12
Remember that logs are printed from last event to first event.
Node 12 processed for 55529016 ms = 55.529016 sec

Log for thread id 13
Remember that logs are printed from last event to first event.
Node 13 processed for 54408927 ms = 54.408927 sec

Log for thread id 14
Remember that logs are printed from last event to first event.
Node 14 processed for 76284248 ms = 76.284248 sec

Log for thread id 15
Remember that logs are printed from last event to first event.
Node 15 processed for 74887812 ms = 74.887812 sec

Log for thread id 16
Remember that logs are printed from last event to first event.
Node 16 processed for 55657916 ms = 55.657916 sec

Log for thread id 17
Remember that logs are printed from last event to first event.
Node 17 processed for 55085250 ms = 55.085250 sec

Log for thread id 18
Remember that logs are printed from last event to first event.
Node 18 processed for 54130982 ms = 54.130982 sec

Log for thread id 19
Remember that logs are printed from last event to first event.
Node 19 processed for 56417441 ms = 56.417441 sec

Log for thread id 20
Remember that logs are printed from last event to first event.
Node 20 processed for 55852065 ms = 55.852065 sec

Log for thread id 21
Remember that logs are printed from last event to first event.
Node 21 processed for 54462798 ms = 54.462798 sec

Log for thread id 22
Remember that logs are printed from last event to first event.
Node 22 processed for 55376737 ms = 55.376737 sec

Log for thread id 23
Remember that logs are printed from last event to first event.
Node 23 processed for 55723866 ms = 55.723866 sec

Log for thread id 24
Remember that logs are printed from last event to first event.
Node 24 processed for 55850964 ms = 55.850964 sec

Log for thread id 25
Remember that logs are printed from last event to first event.
Node 25 processed for 75945781 ms = 75.945781 sec

Log for thread id 26
Remember that logs are printed from last event to first event.
Node 26 processed for 54592404 ms = 54.592404 sec

Log for thread id 27
Remember that logs are printed from last event to first event.
Node 27 processed for 56410601 ms = 56.410601 sec

Log for thread id 28
Remember that logs are printed from last event to first event.
Node 28 processed for 75342843 ms = 75.342843 sec

Log for thread id 29
Remember that logs are printed from last event to first event.
Node 29 processed for 56576241 ms = 56.576241 sec

Log for thread id -1
Remember that logs are printed from last event to first event.
Node -1 processed for 6363109 ms = 6.363109 sec


Number of LARGE jobs: 1000
Number of MID jobs: 0
Number of SMALL jobs: 0
Threaded timing: 82813484 ms = 82.813484 sec 
Estimated sequential processing time: 1280144000 ms = 1280.144000 sec
Rough speedup: 15.46x
