==============PARAMETERS===========================
Number of jobs to distribute: 			1000
Type of jobs being ran by workers: 		MID jobs
Number of workers: 				5
Worker queue capacity: 				50
Max number of jobs assigned by master: 		30
Worker node selection strategy: 		RANDOM
Job distribution strategy: 			EXPONENTIAL
Constant chunk distribution size (used only if job distribution is CONSTANT): 10
==============PARAMETERS===========================

Master about to launch slaves.
Master ready to begin job assignment.
Master joining on workers.

Log for thread id 0
Remember that logs are printed from last event to first event.
Node 0 processed for 134224645 ms = 134.224645 sec

Log for thread id 1
Remember that logs are printed from last event to first event.
Node 1 processed for 134366523 ms = 134.366523 sec

Log for thread id 2
Remember that logs are printed from last event to first event.
Node 2 processed for 133502012 ms = 133.502012 sec

Log for thread id 3
Remember that logs are printed from last event to first event.
Node 3 processed for 134541524 ms = 134.541524 sec

Log for thread id 4
Remember that logs are printed from last event to first event.
Node 4 processed for 135113499 ms = 135.113499 sec

Log for thread id -1
Remember that logs are printed from last event to first event.
Node -1 processed for 100823694 ms = 100.823694 sec


Number of LARGE jobs: 0
Number of MID jobs: 1000
Number of SMALL jobs: 0
Threaded timing: 135113670 ms = 135.113670 sec 
Estimated sequential processing time: 642259000 ms = 642.259000 sec
Rough speedup: 4.75x
