==============PARAMETERS===========================
Number of jobs to distribute: 			1000
Type of jobs being ran by workers: 		SMALL jobs
Number of workers: 				5
Worker queue capacity: 				50
Max number of jobs assigned by master: 		30
Worker node selection strategy: 		SEQUENTIAL
Job distribution strategy: 			EXPONENTIAL
Constant chunk distribution size (used only if job distribution is CONSTANT): 10
==============PARAMETERS===========================

Master about to launch slaves.
Master ready to begin job assignment.
Master joining on workers.

Log for thread id 0
Remember that logs are printed from last event to first event.
Node 0 processed for 67077132 ms = 67.077132 sec

Log for thread id 1
Remember that logs are printed from last event to first event.
Node 1 processed for 67087567 ms = 67.087567 sec

Log for thread id 2
Remember that logs are printed from last event to first event.
Node 2 processed for 67440268 ms = 67.440268 sec

Log for thread id 3
Remember that logs are printed from last event to first event.
Node 3 processed for 66955068 ms = 66.955068 sec

Log for thread id 4
Remember that logs are printed from last event to first event.
Node 4 processed for 67356353 ms = 67.356353 sec

Log for thread id -1
Remember that logs are printed from last event to first event.
Node -1 processed for 50750461 ms = 50.750461 sec


Number of LARGE jobs: 0
Number of MID jobs: 0
Number of SMALL jobs: 1000
Threaded timing: 67439778 ms = 67.439778 sec 
Estimated sequential processing time: 321095000 ms = 321.095000 sec
Rough speedup: 4.76x
