==============PARAMETERS===========================
Number of jobs to distribute: 			1000
Type of jobs being ran by workers: 		LARGE jobs
Number of workers: 				20
Worker queue capacity: 				50
Max number of jobs assigned by master: 		30
Worker node selection strategy: 		SEQUENTIAL
Job distribution strategy: 			LINEAR
Constant chunk distribution size (used only if job distribution is CONSTANT): 10
==============PARAMETERS===========================

Master about to launch slaves.
Master ready to begin job assignment.
Master joining on workers.

Log for thread id 0
Remember that logs are printed from last event to first event.
Node 0 processed for 44395695 ms = 44.395695 sec

Log for thread id 1
Remember that logs are printed from last event to first event.
Node 1 processed for 77521662 ms = 77.521662 sec

Log for thread id 2
Remember that logs are printed from last event to first event.
Node 2 processed for 77500252 ms = 77.500252 sec

Log for thread id 3
Remember that logs are printed from last event to first event.
Node 3 processed for 78970690 ms = 78.970690 sec

Log for thread id 4
Remember that logs are printed from last event to first event.
Node 4 processed for 78955819 ms = 78.955819 sec

Log for thread id 5
Remember that logs are printed from last event to first event.
Node 5 processed for 78972487 ms = 78.972487 sec

Log for thread id 6
Remember that logs are printed from last event to first event.
Node 6 processed for 79018526 ms = 79.018526 sec

Log for thread id 7
Remember that logs are printed from last event to first event.
Node 7 processed for 80532020 ms = 80.532020 sec

Log for thread id 8
Remember that logs are printed from last event to first event.
Node 8 processed for 80572858 ms = 80.572858 sec

Log for thread id 9
Remember that logs are printed from last event to first event.
Node 9 processed for 80534848 ms = 80.534848 sec

Log for thread id 10
Remember that logs are printed from last event to first event.
Node 10 processed for 80640709 ms = 80.640709 sec

Log for thread id 11
Remember that logs are printed from last event to first event.
Node 11 processed for 83346877 ms = 83.346877 sec

Log for thread id 12
Remember that logs are printed from last event to first event.
Node 12 processed for 83331066 ms = 83.331066 sec

Log for thread id 13
Remember that logs are printed from last event to first event.
Node 13 processed for 82089761 ms = 82.089761 sec

Log for thread id 14
Remember that logs are printed from last event to first event.
Node 14 processed for 82092511 ms = 82.092511 sec

Log for thread id 15
Remember that logs are printed from last event to first event.
Node 15 processed for 82115906 ms = 82.115906 sec

Log for thread id 16
Remember that logs are printed from last event to first event.
Node 16 processed for 82176868 ms = 82.176868 sec

Log for thread id 17
Remember that logs are printed from last event to first event.
Node 17 processed for 44304479 ms = 44.304479 sec

Log for thread id 18
Remember that logs are printed from last event to first event.
Node 18 processed for 44383406 ms = 44.383406 sec

Log for thread id 19
Remember that logs are printed from last event to first event.
Node 19 processed for 44359321 ms = 44.359321 sec

Log for thread id -1
Remember that logs are printed from last event to first event.
Node -1 processed for 9537822 ms = 9.537822 sec


Number of LARGE jobs: 1000
Number of MID jobs: 0
Number of SMALL jobs: 0
Threaded timing: 83345871 ms = 83.345871 sec 
Estimated sequential processing time: 1281500000 ms = 1281.500000 sec
Rough speedup: 15.38x
