==============PARAMETERS===========================
Number of jobs to distribute: 			1000
Type of jobs being ran by workers: 		MID jobs
Number of workers: 				10
Worker queue capacity: 				50
Max number of jobs assigned by master: 		30
Worker node selection strategy: 		SHORTEST QUEUE
Job distribution strategy: 			CONSTANT
Constant chunk distribution size (used only if job distribution is CONSTANT): 10
==============PARAMETERS===========================

Master about to launch slaves.
Master ready to begin job assignment.
Master joining on workers.

Log for thread id 0
Remember that logs are printed from last event to first event.
Node 0 processed for 73153329 ms = 73.153329 sec

Log for thread id 1
Remember that logs are printed from last event to first event.
Node 1 processed for 73151942 ms = 73.151942 sec

Log for thread id 2
Remember that logs are printed from last event to first event.
Node 2 processed for 73194994 ms = 73.194994 sec

Log for thread id 3
Remember that logs are printed from last event to first event.
Node 3 processed for 73173508 ms = 73.173508 sec

Log for thread id 4
Remember that logs are printed from last event to first event.
Node 4 processed for 73258822 ms = 73.258822 sec

Log for thread id 5
Remember that logs are printed from last event to first event.
Node 5 processed for 73252176 ms = 73.252176 sec

Log for thread id 6
Remember that logs are printed from last event to first event.
Node 6 processed for 73292810 ms = 73.292810 sec

Log for thread id 7
Remember that logs are printed from last event to first event.
Node 7 processed for 73270448 ms = 73.270448 sec

Log for thread id 8
Remember that logs are printed from last event to first event.
Node 8 processed for 73314086 ms = 73.314086 sec

Log for thread id 9
Remember that logs are printed from last event to first event.
Node 9 processed for 73402657 ms = 73.402657 sec

Log for thread id -1
Remember that logs are printed from last event to first event.
Node -1 processed for 36169191 ms = 36.169191 sec


Number of LARGE jobs: 0
Number of MID jobs: 1000
Number of SMALL jobs: 0
Threaded timing: 73402823 ms = 73.402823 sec 
Estimated sequential processing time: 642376000 ms = 642.376000 sec
Rough speedup: 8.75x
