==============PARAMETERS===========================
Number of jobs to distribute: 			1000
Type of jobs being ran by workers: 		LARGE jobs
Number of workers: 				5
Worker queue capacity: 				50
Max number of jobs assigned by master: 		30
Worker node selection strategy: 		SEQUENTIAL
Job distribution strategy: 			EXPONENTIAL
Constant chunk distribution size (used only if job distribution is CONSTANT): 10
==============PARAMETERS===========================

Master about to launch slaves.
Master ready to begin job assignment.
Master joining on workers.

Log for thread id 0
Remember that logs are printed from last event to first event.
Node 0 processed for 270027590 ms = 270.027590 sec

Log for thread id 1
Remember that logs are printed from last event to first event.
Node 1 processed for 268612456 ms = 268.612456 sec

Log for thread id 2
Remember that logs are printed from last event to first event.
Node 2 processed for 267203085 ms = 267.203085 sec

Log for thread id 3
Remember that logs are printed from last event to first event.
Node 3 processed for 267752522 ms = 267.752522 sec

Log for thread id 4
Remember that logs are printed from last event to first event.
Node 4 processed for 266814242 ms = 266.814242 sec

Log for thread id -1
Remember that logs are printed from last event to first event.
Node -1 processed for 200472768 ms = 200.472768 sec


Number of LARGE jobs: 1000
Number of MID jobs: 0
Number of SMALL jobs: 0
Threaded timing: 270027275 ms = 270.027275 sec 
Estimated sequential processing time: 1281394000 ms = 1281.394000 sec
Rough speedup: 4.75x
