==============PARAMETERS===========================
Number of jobs to distribute: 			1000
Type of jobs being ran by workers: 		SMALL jobs
Number of workers: 				5
Worker queue capacity: 				50
Max number of jobs assigned by master: 		30
Worker node selection strategy: 		SEQUENTIAL
Job distribution strategy: 			CONSTANT
Constant chunk distribution size (used only if job distribution is CONSTANT): 10
==============PARAMETERS===========================

Master about to launch slaves.
Master ready to begin job assignment.
Master joining on workers.

Log for thread id 0
Remember that logs are printed from last event to first event.
Node 0 processed for 66664062 ms = 66.664062 sec

Log for thread id 1
Remember that logs are printed from last event to first event.
Node 1 processed for 68456310 ms = 68.456310 sec

Log for thread id 2
Remember that logs are printed from last event to first event.
Node 2 processed for 66529376 ms = 66.529376 sec

Log for thread id 3
Remember that logs are printed from last event to first event.
Node 3 processed for 66803800 ms = 66.803800 sec

Log for thread id 4
Remember that logs are printed from last event to first event.
Node 4 processed for 67016937 ms = 67.016937 sec

Log for thread id -1
Remember that logs are printed from last event to first event.
Node -1 processed for 51349965 ms = 51.349965 sec


Number of LARGE jobs: 0
Number of MID jobs: 0
Number of SMALL jobs: 1000
Threaded timing: 68455644 ms = 68.455644 sec 
Estimated sequential processing time: 320276000 ms = 320.276000 sec
Rough speedup: 4.68x
