==============PARAMETERS===========================
Number of jobs to distribute: 			1000
Type of jobs being ran by workers: 		VARIED jobs
Number of workers: 				30
Worker queue capacity: 				50
Max number of jobs assigned by master: 		30
Worker node selection strategy: 		SHORTEST QUEUE
Job distribution strategy: 			LINEAR
Constant chunk distribution size (used only if job distribution is CONSTANT): 10
==============PARAMETERS===========================

Master about to launch slaves.
Master ready to begin job assignment.
Master joining on workers.

Log for thread id 0
Remember that logs are printed from last event to first event.
Node 0 processed for 46774658 ms = 46.774658 sec

Log for thread id 1
Remember that logs are printed from last event to first event.
Node 1 processed for 32125881 ms = 32.125881 sec

Log for thread id 2
Remember that logs are printed from last event to first event.
Node 2 processed for 34801890 ms = 34.801890 sec

Log for thread id 3
Remember that logs are printed from last event to first event.
Node 3 processed for 36850792 ms = 36.850792 sec

Log for thread id 4
Remember that logs are printed from last event to first event.
Node 4 processed for 47986390 ms = 47.986390 sec

Log for thread id 5
Remember that logs are printed from last event to first event.
Node 5 processed for 44523351 ms = 44.523351 sec

Log for thread id 6
Remember that logs are printed from last event to first event.
Node 6 processed for 30637757 ms = 30.637757 sec

Log for thread id 7
Remember that logs are printed from last event to first event.
Node 7 processed for 34827063 ms = 34.827063 sec

Log for thread id 8
Remember that logs are printed from last event to first event.
Node 8 processed for 34240254 ms = 34.240254 sec

Log for thread id 9
Remember that logs are printed from last event to first event.
Node 9 processed for 28524137 ms = 28.524137 sec

Log for thread id 10
Remember that logs are printed from last event to first event.
Node 10 processed for 32677551 ms = 32.677551 sec

Log for thread id 11
Remember that logs are printed from last event to first event.
Node 11 processed for 33151543 ms = 33.151543 sec

Log for thread id 12
Remember that logs are printed from last event to first event.
Node 12 processed for 32047413 ms = 32.047413 sec

Log for thread id 13
Remember that logs are printed from last event to first event.
Node 13 processed for 31892700 ms = 31.892700 sec

Log for thread id 14
Remember that logs are printed from last event to first event.
Node 14 processed for 37408352 ms = 37.408352 sec

Log for thread id 15
Remember that logs are printed from last event to first event.
Node 15 processed for 23495596 ms = 23.495596 sec

Log for thread id 16
Remember that logs are printed from last event to first event.
Node 16 processed for 38555907 ms = 38.555907 sec

Log for thread id 17
Remember that logs are printed from last event to first event.
Node 17 processed for 32997820 ms = 32.997820 sec

Log for thread id 18
Remember that logs are printed from last event to first event.
Node 18 processed for 31147941 ms = 31.147941 sec

Log for thread id 19
Remember that logs are printed from last event to first event.
Node 19 processed for 36340837 ms = 36.340837 sec

Log for thread id 20
Remember that logs are printed from last event to first event.
Node 20 processed for 29709465 ms = 29.709465 sec

Log for thread id 21
Remember that logs are printed from last event to first event.
Node 21 processed for 32537449 ms = 32.537449 sec

Log for thread id 22
Remember that logs are printed from last event to first event.
Node 22 processed for 32422588 ms = 32.422588 sec

Log for thread id 23
Remember that logs are printed from last event to first event.
Node 23 processed for 27892483 ms = 27.892483 sec

Log for thread id 24
Remember that logs are printed from last event to first event.
Node 24 processed for 34652340 ms = 34.652340 sec

Log for thread id 25
Remember that logs are printed from last event to first event.
Node 25 processed for 48615539 ms = 48.615539 sec

Log for thread id 26
Remember that logs are printed from last event to first event.
Node 26 processed for 33557350 ms = 33.557350 sec

Log for thread id 27
Remember that logs are printed from last event to first event.
Node 27 processed for 29711553 ms = 29.711553 sec

Log for thread id 28
Remember that logs are printed from last event to first event.
Node 28 processed for 27743742 ms = 27.743742 sec

Log for thread id 29
Remember that logs are printed from last event to first event.
Node 29 processed for 33691423 ms = 33.691423 sec

Log for thread id -1
Remember that logs are printed from last event to first event.
Node -1 processed for 4643790 ms = 4.643790 sec


Number of LARGE jobs: 338
Number of MID jobs: 342
Number of SMALL jobs: 320
Threaded timing: 48615173 ms = 48.615173 sec 
Estimated sequential processing time: 754232638 ms = 754.232638 sec
Rough speedup: 15.51x
