==============PARAMETERS===========================
Number of jobs to distribute: 			1000
Type of jobs being ran by workers: 		VARIED jobs
Number of workers: 				5
Worker queue capacity: 				50
Max number of jobs assigned by master: 		30
Worker node selection strategy: 		SHORTEST QUEUE
Job distribution strategy: 			LINEAR
Constant chunk distribution size (used only if job distribution is CONSTANT): 10
==============PARAMETERS===========================

Master about to launch slaves.
Master ready to begin job assignment.
Master joining on workers.

Log for thread id 0
Remember that logs are printed from last event to first event.
Node 0 processed for 158538993 ms = 158.538993 sec

Log for thread id 1
Remember that logs are printed from last event to first event.
Node 1 processed for 156417810 ms = 156.417810 sec

Log for thread id 2
Remember that logs are printed from last event to first event.
Node 2 processed for 155518745 ms = 155.518745 sec

Log for thread id 3
Remember that logs are printed from last event to first event.
Node 3 processed for 156118746 ms = 156.118746 sec

Log for thread id 4
Remember that logs are printed from last event to first event.
Node 4 processed for 152717899 ms = 152.717899 sec

Log for thread id -1
Remember that logs are printed from last event to first event.
Node -1 processed for 115644329 ms = 115.644329 sec


Number of LARGE jobs: 328
Number of MID jobs: 338
Number of SMALL jobs: 334
Threaded timing: 158538569 ms = 158.538569 sec 
Estimated sequential processing time: 743892494 ms = 743.892494 sec
Rough speedup: 4.69x
