==============PARAMETERS===========================
Number of jobs to distribute: 			1000
Type of jobs being ran by workers: 		SMALL jobs
Number of workers: 				10
Worker queue capacity: 				50
Max number of jobs assigned by master: 		30
Worker node selection strategy: 		SEQUENTIAL
Job distribution strategy: 			EXPONENTIAL
Constant chunk distribution size (used only if job distribution is CONSTANT): 10
==============PARAMETERS===========================

Master about to launch slaves.
Master ready to begin job assignment.
Master joining on workers.

Log for thread id 0
Remember that logs are printed from last event to first event.
Node 0 processed for 37483455 ms = 37.483455 sec

Log for thread id 1
Remember that logs are printed from last event to first event.
Node 1 processed for 37242441 ms = 37.242441 sec

Log for thread id 2
Remember that logs are printed from last event to first event.
Node 2 processed for 37269136 ms = 37.269136 sec

Log for thread id 3
Remember that logs are printed from last event to first event.
Node 3 processed for 37614530 ms = 37.614530 sec

Log for thread id 4
Remember that logs are printed from last event to first event.
Node 4 processed for 34888538 ms = 34.888538 sec

Log for thread id 5
Remember that logs are printed from last event to first event.
Node 5 processed for 34946345 ms = 34.946345 sec

Log for thread id 6
Remember that logs are printed from last event to first event.
Node 6 processed for 34982406 ms = 34.982406 sec

Log for thread id 7
Remember that logs are printed from last event to first event.
Node 7 processed for 37462664 ms = 37.462664 sec

Log for thread id 8
Remember that logs are printed from last event to first event.
Node 8 processed for 37488360 ms = 37.488360 sec

Log for thread id 9
Remember that logs are printed from last event to first event.
Node 9 processed for 37496206 ms = 37.496206 sec

Log for thread id -1
Remember that logs are printed from last event to first event.
Node -1 processed for 20727011 ms = 20.727011 sec


Number of LARGE jobs: 0
Number of MID jobs: 0
Number of SMALL jobs: 1000
Threaded timing: 37614362 ms = 37.614362 sec 
Estimated sequential processing time: 320896000 ms = 320.896000 sec
Rough speedup: 8.53x
