==============PARAMETERS===========================
Number of jobs to distribute: 			1000
Type of jobs being ran by workers: 		VARIED jobs
Number of workers: 				5
Worker queue capacity: 				50
Max number of jobs assigned by master: 		30
Worker node selection strategy: 		SEQUENTIAL
Job distribution strategy: 			CONSTANT
Constant chunk distribution size (used only if job distribution is CONSTANT): 10
==============PARAMETERS===========================

Master about to launch slaves.
Master ready to begin job assignment.
Master joining on workers.

Log for thread id 0
Remember that logs are printed from last event to first event.
Node 0 processed for 155551891 ms = 155.551891 sec

Log for thread id 1
Remember that logs are printed from last event to first event.
Node 1 processed for 156740426 ms = 156.740426 sec

Log for thread id 2
Remember that logs are printed from last event to first event.
Node 2 processed for 159512542 ms = 159.512542 sec

Log for thread id 3
Remember that logs are printed from last event to first event.
Node 3 processed for 155786714 ms = 155.786714 sec

Log for thread id 4
Remember that logs are printed from last event to first event.
Node 4 processed for 155478871 ms = 155.478871 sec

Log for thread id -1
Remember that logs are printed from last event to first event.
Node -1 processed for 120561075 ms = 120.561075 sec


Number of LARGE jobs: 326
Number of MID jobs: 353
Number of SMALL jobs: 321
Threaded timing: 159512476 ms = 159.512476 sec 
Estimated sequential processing time: 745686180 ms = 745.686180 sec
Rough speedup: 4.67x
