==============PARAMETERS===========================
Number of jobs to distribute: 			1000
Type of jobs being ran by workers: 		MID jobs
Number of workers: 				10
Worker queue capacity: 				50
Max number of jobs assigned by master: 		30
Worker node selection strategy: 		RANDOM
Job distribution strategy: 			EXPONENTIAL
Constant chunk distribution size (used only if job distribution is CONSTANT): 10
==============PARAMETERS===========================

Master about to launch slaves.
Master ready to begin job assignment.
Master joining on workers.

Log for thread id 0
Remember that logs are printed from last event to first event.
Node 0 processed for 74127104 ms = 74.127104 sec

Log for thread id 1
Remember that logs are printed from last event to first event.
Node 1 processed for 72060017 ms = 72.060017 sec

Log for thread id 2
Remember that logs are printed from last event to first event.
Node 2 processed for 75215311 ms = 75.215311 sec

Log for thread id 3
Remember that logs are printed from last event to first event.
Node 3 processed for 73992652 ms = 73.992652 sec

Log for thread id 4
Remember that logs are printed from last event to first event.
Node 4 processed for 73738915 ms = 73.738915 sec

Log for thread id 5
Remember that logs are printed from last event to first event.
Node 5 processed for 74270344 ms = 74.270344 sec

Log for thread id 6
Remember that logs are printed from last event to first event.
Node 6 processed for 71655607 ms = 71.655607 sec

Log for thread id 7
Remember that logs are printed from last event to first event.
Node 7 processed for 71835125 ms = 71.835125 sec

Log for thread id 8
Remember that logs are printed from last event to first event.
Node 8 processed for 73811837 ms = 73.811837 sec

Log for thread id 9
Remember that logs are printed from last event to first event.
Node 9 processed for 71958936 ms = 71.958936 sec

Log for thread id -1
Remember that logs are printed from last event to first event.
Node -1 processed for 38602099 ms = 38.602099 sec


Number of LARGE jobs: 0
Number of MID jobs: 1000
Number of SMALL jobs: 0
Threaded timing: 75214473 ms = 75.214473 sec 
Estimated sequential processing time: 642424000 ms = 642.424000 sec
Rough speedup: 8.54x
