==============PARAMETERS===========================
Number of jobs to distribute: 			1000
Type of jobs being ran by workers: 		LARGE jobs
Number of workers: 				5
Worker queue capacity: 				50
Max number of jobs assigned by master: 		30
Worker node selection strategy: 		RANDOM
Job distribution strategy: 			LINEAR
Constant chunk distribution size (used only if job distribution is CONSTANT): 10
==============PARAMETERS===========================

Master about to launch slaves.
Master ready to begin job assignment.
Master joining on workers.

Log for thread id 0
Remember that logs are printed from last event to first event.
Node 0 processed for 267295591 ms = 267.295591 sec

Log for thread id 1
Remember that logs are printed from last event to first event.
Node 1 processed for 267699812 ms = 267.699812 sec

Log for thread id 2
Remember that logs are printed from last event to first event.
Node 2 processed for 267477152 ms = 267.477152 sec

Log for thread id 3
Remember that logs are printed from last event to first event.
Node 3 processed for 268558880 ms = 268.558880 sec

Log for thread id 4
Remember that logs are printed from last event to first event.
Node 4 processed for 268047562 ms = 268.047562 sec

Log for thread id -1
Remember that logs are printed from last event to first event.
Node -1 processed for 200270938 ms = 200.270938 sec


Number of LARGE jobs: 1000
Number of MID jobs: 0
Number of SMALL jobs: 0
Threaded timing: 268558847 ms = 268.558847 sec 
Estimated sequential processing time: 1281457000 ms = 1281.457000 sec
Rough speedup: 4.77x
