==============PARAMETERS===========================
Number of jobs to distribute: 			1000
Type of jobs being ran by workers: 		SMALL jobs
Number of workers: 				10
Worker queue capacity: 				50
Max number of jobs assigned by master: 		30
Worker node selection strategy: 		RANDOM
Job distribution strategy: 			LINEAR
Constant chunk distribution size (used only if job distribution is CONSTANT): 10
==============PARAMETERS===========================

Master about to launch slaves.
Master ready to begin job assignment.
Master joining on workers.

Log for thread id 0
Remember that logs are printed from last event to first event.
Node 0 processed for 35723812 ms = 35.723812 sec

Log for thread id 1
Remember that logs are printed from last event to first event.
Node 1 processed for 35492250 ms = 35.492250 sec

Log for thread id 2
Remember that logs are printed from last event to first event.
Node 2 processed for 36392038 ms = 36.392038 sec

Log for thread id 3
Remember that logs are printed from last event to first event.
Node 3 processed for 38254325 ms = 38.254325 sec

Log for thread id 4
Remember that logs are printed from last event to first event.
Node 4 processed for 36818247 ms = 36.818247 sec

Log for thread id 5
Remember that logs are printed from last event to first event.
Node 5 processed for 36130092 ms = 36.130092 sec

Log for thread id 6
Remember that logs are printed from last event to first event.
Node 6 processed for 37899153 ms = 37.899153 sec

Log for thread id 7
Remember that logs are printed from last event to first event.
Node 7 processed for 37738298 ms = 37.738298 sec

Log for thread id 8
Remember that logs are printed from last event to first event.
Node 8 processed for 36907290 ms = 36.907290 sec

Log for thread id 9
Remember that logs are printed from last event to first event.
Node 9 processed for 36208097 ms = 36.208097 sec

Log for thread id -1
Remember that logs are printed from last event to first event.
Node -1 processed for 20224706 ms = 20.224706 sec


Number of LARGE jobs: 0
Number of MID jobs: 0
Number of SMALL jobs: 1000
Threaded timing: 38254254 ms = 38.254254 sec 
Estimated sequential processing time: 321306000 ms = 321.306000 sec
Rough speedup: 8.40x
