==============PARAMETERS===========================
Number of jobs to distribute: 			1000
Type of jobs being ran by workers: 		LARGE jobs
Number of workers: 				5
Worker queue capacity: 				50
Max number of jobs assigned by master: 		30
Worker node selection strategy: 		SEQUENTIAL
Job distribution strategy: 			LINEAR
Constant chunk distribution size (used only if job distribution is CONSTANT): 10
==============PARAMETERS===========================

Master about to launch slaves.
Master ready to begin job assignment.
Master joining on workers.

Log for thread id 0
Remember that logs are printed from last event to first event.
Node 0 processed for 267227242 ms = 267.227242 sec

Log for thread id 1
Remember that logs are printed from last event to first event.
Node 1 processed for 267647217 ms = 267.647217 sec

Log for thread id 2
Remember that logs are printed from last event to first event.
Node 2 processed for 268015895 ms = 268.015895 sec

Log for thread id 3
Remember that logs are printed from last event to first event.
Node 3 processed for 267794463 ms = 267.794463 sec

Log for thread id 4
Remember that logs are printed from last event to first event.
Node 4 processed for 270205685 ms = 270.205685 sec

Log for thread id -1
Remember that logs are printed from last event to first event.
Node -1 processed for 200289908 ms = 200.289908 sec


Number of LARGE jobs: 1000
Number of MID jobs: 0
Number of SMALL jobs: 0
Threaded timing: 270205773 ms = 270.205773 sec 
Estimated sequential processing time: 1281246000 ms = 1281.246000 sec
Rough speedup: 4.74x
