==============PARAMETERS===========================
Number of jobs to distribute: 			1000
Type of jobs being ran by workers: 		VARIED jobs
Number of workers: 				5
Worker queue capacity: 				50
Max number of jobs assigned by master: 		30
Worker node selection strategy: 		SHORTEST QUEUE
Job distribution strategy: 			CONSTANT
Constant chunk distribution size (used only if job distribution is CONSTANT): 10
==============PARAMETERS===========================

Master about to launch slaves.
Master ready to begin job assignment.
Master joining on workers.

Log for thread id 0
Remember that logs are printed from last event to first event.
Node 0 processed for 152211321 ms = 152.211321 sec

Log for thread id 1
Remember that logs are printed from last event to first event.
Node 1 processed for 153112373 ms = 153.112373 sec

Log for thread id 2
Remember that logs are printed from last event to first event.
Node 2 processed for 151470197 ms = 151.470197 sec

Log for thread id 3
Remember that logs are printed from last event to first event.
Node 3 processed for 155118826 ms = 155.118826 sec

Log for thread id 4
Remember that logs are printed from last event to first event.
Node 4 processed for 155964223 ms = 155.964223 sec

Log for thread id -1
Remember that logs are printed from last event to first event.
Node -1 processed for 119410631 ms = 119.410631 sec


Number of LARGE jobs: 316
Number of MID jobs: 343
Number of SMALL jobs: 341
Threaded timing: 155964292 ms = 155.964292 sec 
Estimated sequential processing time: 733491056 ms = 733.491056 sec
Rough speedup: 4.70x
