==============PARAMETERS===========================
Number of jobs to distribute: 			1000
Type of jobs being ran by workers: 		VARIED jobs
Number of workers: 				5
Worker queue capacity: 				50
Max number of jobs assigned by master: 		30
Worker node selection strategy: 		SEQUENTIAL
Job distribution strategy: 			EXPONENTIAL
Constant chunk distribution size (used only if job distribution is CONSTANT): 10
==============PARAMETERS===========================

Master about to launch slaves.
Master ready to begin job assignment.
Master joining on workers.

Log for thread id 0
Remember that logs are printed from last event to first event.
Node 0 processed for 155948526 ms = 155.948526 sec

Log for thread id 1
Remember that logs are printed from last event to first event.
Node 1 processed for 154040475 ms = 154.040475 sec

Log for thread id 2
Remember that logs are printed from last event to first event.
Node 2 processed for 153462654 ms = 153.462654 sec

Log for thread id 3
Remember that logs are printed from last event to first event.
Node 3 processed for 154743669 ms = 154.743669 sec

Log for thread id 4
Remember that logs are printed from last event to first event.
Node 4 processed for 154771436 ms = 154.771436 sec

Log for thread id -1
Remember that logs are printed from last event to first event.
Node -1 processed for 115789285 ms = 115.789285 sec


Number of LARGE jobs: 317
Number of MID jobs: 353
Number of SMALL jobs: 330
Threaded timing: 155947948 ms = 155.947948 sec 
Estimated sequential processing time: 737656006 ms = 737.656006 sec
Rough speedup: 4.73x
