==============PARAMETERS===========================
Number of jobs to distribute: 			1000
Type of jobs being ran by workers: 		SMALL jobs
Number of workers: 				30
Worker queue capacity: 				50
Max number of jobs assigned by master: 		30
Worker node selection strategy: 		SEQUENTIAL
Job distribution strategy: 			CONSTANT
Constant chunk distribution size (used only if job distribution is CONSTANT): 10
==============PARAMETERS===========================

Master about to launch slaves.
Master ready to begin job assignment.
Master joining on workers.

Log for thread id 0
Remember that logs are printed from last event to first event.
Node 0 processed for 14010574 ms = 14.010574 sec

Log for thread id 1
Remember that logs are printed from last event to first event.
Node 1 processed for 15072160 ms = 15.072160 sec

Log for thread id 2
Remember that logs are printed from last event to first event.
Node 2 processed for 16372476 ms = 16.372476 sec

Log for thread id 3
Remember that logs are printed from last event to first event.
Node 3 processed for 15058558 ms = 15.058558 sec

Log for thread id 4
Remember that logs are printed from last event to first event.
Node 4 processed for 15314065 ms = 15.314065 sec

Log for thread id 5
Remember that logs are printed from last event to first event.
Node 5 processed for 17812948 ms = 17.812948 sec

Log for thread id 6
Remember that logs are printed from last event to first event.
Node 6 processed for 18236817 ms = 18.236817 sec

Log for thread id 7
Remember that logs are printed from last event to first event.
Node 7 processed for 18300426 ms = 18.300426 sec

Log for thread id 8
Remember that logs are printed from last event to first event.
Node 8 processed for 14949497 ms = 14.949497 sec

Log for thread id 9
Remember that logs are printed from last event to first event.
Node 9 processed for 17494014 ms = 17.494014 sec

Log for thread id 10
Remember that logs are printed from last event to first event.
Node 10 processed for 17876417 ms = 17.876417 sec

Log for thread id 11
Remember that logs are printed from last event to first event.
Node 11 processed for 12293872 ms = 12.293872 sec

Log for thread id 12
Remember that logs are printed from last event to first event.
Node 12 processed for 15176589 ms = 15.176589 sec

Log for thread id 13
Remember that logs are printed from last event to first event.
Node 13 processed for 14370662 ms = 14.370662 sec

Log for thread id 14
Remember that logs are printed from last event to first event.
Node 14 processed for 14712268 ms = 14.712268 sec

Log for thread id 15
Remember that logs are printed from last event to first event.
Node 15 processed for 13787044 ms = 13.787044 sec

Log for thread id 16
Remember that logs are printed from last event to first event.
Node 16 processed for 14522348 ms = 14.522348 sec

Log for thread id 17
Remember that logs are printed from last event to first event.
Node 17 processed for 15281400 ms = 15.281400 sec

Log for thread id 18
Remember that logs are printed from last event to first event.
Node 18 processed for 15019051 ms = 15.019051 sec

Log for thread id 19
Remember that logs are printed from last event to first event.
Node 19 processed for 13995662 ms = 13.995662 sec

Log for thread id 20
Remember that logs are printed from last event to first event.
Node 20 processed for 11977706 ms = 11.977706 sec

Log for thread id 21
Remember that logs are printed from last event to first event.
Node 21 processed for 14173676 ms = 14.173676 sec

Log for thread id 22
Remember that logs are printed from last event to first event.
Node 22 processed for 14567353 ms = 14.567353 sec

Log for thread id 23
Remember that logs are printed from last event to first event.
Node 23 processed for 14494030 ms = 14.494030 sec

Log for thread id 24
Remember that logs are printed from last event to first event.
Node 24 processed for 12252502 ms = 12.252502 sec

Log for thread id 25
Remember that logs are printed from last event to first event.
Node 25 processed for 13993863 ms = 13.993863 sec

Log for thread id 26
Remember that logs are printed from last event to first event.
Node 26 processed for 14768736 ms = 14.768736 sec

Log for thread id 27
Remember that logs are printed from last event to first event.
Node 27 processed for 14892361 ms = 14.892361 sec

Log for thread id 28
Remember that logs are printed from last event to first event.
Node 28 processed for 14417323 ms = 14.417323 sec

Log for thread id 29
Remember that logs are printed from last event to first event.
Node 29 processed for 14737222 ms = 14.737222 sec

Log for thread id -1
Remember that logs are printed from last event to first event.
Node -1 processed for 2450597 ms = 2.450597 sec


Number of LARGE jobs: 0
Number of MID jobs: 0
Number of SMALL jobs: 1000
Threaded timing: 18298678 ms = 18.298678 sec 
Estimated sequential processing time: 320765000 ms = 320.765000 sec
Rough speedup: 17.53x
