==============PARAMETERS===========================
Number of jobs to distribute: 			1000
Type of jobs being ran by workers: 		MID jobs
Number of workers: 				30
Worker queue capacity: 				50
Max number of jobs assigned by master: 		30
Worker node selection strategy: 		RANDOM
Job distribution strategy: 			CONSTANT
Constant chunk distribution size (used only if job distribution is CONSTANT): 10
==============PARAMETERS===========================

Master about to launch slaves.
Master ready to begin job assignment.
Master joining on workers.

Log for thread id 0
Remember that logs are printed from last event to first event.
Node 0 processed for 36691633 ms = 36.691633 sec

Log for thread id 1
Remember that logs are printed from last event to first event.
Node 1 processed for 37106083 ms = 37.106083 sec

Log for thread id 2
Remember that logs are printed from last event to first event.
Node 2 processed for 33647838 ms = 33.647838 sec

Log for thread id 3
Remember that logs are printed from last event to first event.
Node 3 processed for 30643667 ms = 30.643667 sec

Log for thread id 4
Remember that logs are printed from last event to first event.
Node 4 processed for 27272174 ms = 27.272174 sec

Log for thread id 5
Remember that logs are printed from last event to first event.
Node 5 processed for 38859953 ms = 38.859953 sec

Log for thread id 6
Remember that logs are printed from last event to first event.
Node 6 processed for 2604649 ms = 2.604649 sec

Log for thread id 7
Remember that logs are printed from last event to first event.
Node 7 processed for 24155019 ms = 24.155019 sec

Log for thread id 8
Remember that logs are printed from last event to first event.
Node 8 processed for 19419038 ms = 19.419038 sec

Log for thread id 9
Remember that logs are printed from last event to first event.
Node 9 processed for 32434881 ms = 32.434881 sec

Log for thread id 10
Remember that logs are printed from last event to first event.
Node 10 processed for 18179452 ms = 18.179452 sec

Log for thread id 11
Remember that logs are printed from last event to first event.
Node 11 processed for 15399246 ms = 15.399246 sec

Log for thread id 12
Remember that logs are printed from last event to first event.
Node 12 processed for 34408695 ms = 34.408695 sec

Log for thread id 13
Remember that logs are printed from last event to first event.
Node 13 processed for 33225184 ms = 33.225184 sec

Log for thread id 14
Remember that logs are printed from last event to first event.
Node 14 processed for 38540624 ms = 38.540624 sec

Log for thread id 15
Remember that logs are printed from last event to first event.
Node 15 processed for 2604065 ms = 2.604065 sec

Log for thread id 16
Remember that logs are printed from last event to first event.
Node 16 processed for 29630163 ms = 29.630163 sec

Log for thread id 17
Remember that logs are printed from last event to first event.
Node 17 processed for 36830389 ms = 36.830389 sec

Log for thread id 18
Remember that logs are printed from last event to first event.
Node 18 processed for 26882076 ms = 26.882076 sec

Log for thread id 19
Remember that logs are printed from last event to first event.
Node 19 processed for 26076136 ms = 26.076136 sec

Log for thread id 20
Remember that logs are printed from last event to first event.
Node 20 processed for 30656011 ms = 30.656011 sec

Log for thread id 21
Remember that logs are printed from last event to first event.
Node 21 processed for 38823814 ms = 38.823814 sec

Log for thread id 22
Remember that logs are printed from last event to first event.
Node 22 processed for 17386169 ms = 17.386169 sec

Log for thread id 23
Remember that logs are printed from last event to first event.
Node 23 processed for 32554365 ms = 32.554365 sec

Log for thread id 24
Remember that logs are printed from last event to first event.
Node 24 processed for 15594636 ms = 15.594636 sec

Log for thread id 25
Remember that logs are printed from last event to first event.
Node 25 processed for 16598733 ms = 16.598733 sec

Log for thread id 26
Remember that logs are printed from last event to first event.
Node 26 processed for 24211540 ms = 24.211540 sec

Log for thread id 27
Remember that logs are printed from last event to first event.
Node 27 processed for 22424282 ms = 22.424282 sec

Log for thread id 28
Remember that logs are printed from last event to first event.
Node 28 processed for 40289277 ms = 40.289277 sec

Log for thread id 29
Remember that logs are printed from last event to first event.
Node 29 processed for 26847622 ms = 26.847622 sec

Log for thread id -1
Remember that logs are printed from last event to first event.
Node -1 processed for 2602924 ms = 2.602924 sec


Number of LARGE jobs: 0
Number of MID jobs: 1000
Number of SMALL jobs: 0
Threaded timing: 40289312 ms = 40.289312 sec 
Estimated sequential processing time: 640828000 ms = 640.828000 sec
Rough speedup: 15.91x
