==============PARAMETERS===========================
Number of jobs to distribute: 			1000
Type of jobs being ran by workers: 		LARGE jobs
Number of workers: 				30
Worker queue capacity: 				50
Max number of jobs assigned by master: 		30
Worker node selection strategy: 		SHORTEST QUEUE
Job distribution strategy: 			CONSTANT
Constant chunk distribution size (used only if job distribution is CONSTANT): 10
==============PARAMETERS===========================

Master about to launch slaves.
Master ready to begin job assignment.
Master joining on workers.

Log for thread id 0
Remember that logs are printed from last event to first event.
Node 0 processed for 70953868 ms = 70.953868 sec

Log for thread id 1
Remember that logs are printed from last event to first event.
Node 1 processed for 58492385 ms = 58.492385 sec

Log for thread id 2
Remember that logs are printed from last event to first event.
Node 2 processed for 71072625 ms = 71.072625 sec

Log for thread id 3
Remember that logs are printed from last event to first event.
Node 3 processed for 67391105 ms = 67.391105 sec

Log for thread id 4
Remember that logs are printed from last event to first event.
Node 4 processed for 70463770 ms = 70.463770 sec

Log for thread id 5
Remember that logs are printed from last event to first event.
Node 5 processed for 67400500 ms = 67.400500 sec

Log for thread id 6
Remember that logs are printed from last event to first event.
Node 6 processed for 70744520 ms = 70.744520 sec

Log for thread id 7
Remember that logs are printed from last event to first event.
Node 7 processed for 70864714 ms = 70.864714 sec

Log for thread id 8
Remember that logs are printed from last event to first event.
Node 8 processed for 66628648 ms = 66.628648 sec

Log for thread id 9
Remember that logs are printed from last event to first event.
Node 9 processed for 70939251 ms = 70.939251 sec

Log for thread id 10
Remember that logs are printed from last event to first event.
Node 10 processed for 56418634 ms = 56.418634 sec

Log for thread id 11
Remember that logs are printed from last event to first event.
Node 11 processed for 56573188 ms = 56.573188 sec

Log for thread id 12
Remember that logs are printed from last event to first event.
Node 12 processed for 57230230 ms = 57.230230 sec

Log for thread id 13
Remember that logs are printed from last event to first event.
Node 13 processed for 56481577 ms = 56.481577 sec

Log for thread id 14
Remember that logs are printed from last event to first event.
Node 14 processed for 51347415 ms = 51.347415 sec

Log for thread id 15
Remember that logs are printed from last event to first event.
Node 15 processed for 56167417 ms = 56.167417 sec

Log for thread id 16
Remember that logs are printed from last event to first event.
Node 16 processed for 55708522 ms = 55.708522 sec

Log for thread id 17
Remember that logs are printed from last event to first event.
Node 17 processed for 56670962 ms = 56.670962 sec

Log for thread id 18
Remember that logs are printed from last event to first event.
Node 18 processed for 44338804 ms = 44.338804 sec

Log for thread id 19
Remember that logs are printed from last event to first event.
Node 19 processed for 56154768 ms = 56.154768 sec

Log for thread id 20
Remember that logs are printed from last event to first event.
Node 20 processed for 47904025 ms = 47.904025 sec

Log for thread id 21
Remember that logs are printed from last event to first event.
Node 21 processed for 44343005 ms = 44.343005 sec

Log for thread id 22
Remember that logs are printed from last event to first event.
Node 22 processed for 50860273 ms = 50.860273 sec

Log for thread id 23
Remember that logs are printed from last event to first event.
Node 23 processed for 56436688 ms = 56.436688 sec

Log for thread id 24
Remember that logs are printed from last event to first event.
Node 24 processed for 53680193 ms = 53.680193 sec

Log for thread id 25
Remember that logs are printed from last event to first event.
Node 25 processed for 57436904 ms = 57.436904 sec

Log for thread id 26
Remember that logs are printed from last event to first event.
Node 26 processed for 46216771 ms = 46.216771 sec

Log for thread id 27
Remember that logs are printed from last event to first event.
Node 27 processed for 55189473 ms = 55.189473 sec

Log for thread id 28
Remember that logs are printed from last event to first event.
Node 28 processed for 56056075 ms = 56.056075 sec

Log for thread id 29
Remember that logs are printed from last event to first event.
Node 29 processed for 54564878 ms = 54.564878 sec

Log for thread id -1
Remember that logs are printed from last event to first event.
Node -1 processed for 2393205 ms = 2.393205 sec


Number of LARGE jobs: 1000
Number of MID jobs: 0
Number of SMALL jobs: 0
Threaded timing: 71069692 ms = 71.069692 sec 
Estimated sequential processing time: 1280785000 ms = 1280.785000 sec
Rough speedup: 18.02x
