==============PARAMETERS===========================
Number of jobs to distribute: 			1000
Type of jobs being ran by workers: 		SMALL jobs
Number of workers: 				5
Worker queue capacity: 				50
Max number of jobs assigned by master: 		30
Worker node selection strategy: 		RANDOM
Job distribution strategy: 			EXPONENTIAL
Constant chunk distribution size (used only if job distribution is CONSTANT): 10
==============PARAMETERS===========================

Master about to launch slaves.
Master ready to begin job assignment.
Master joining on workers.

Log for thread id 0
Remember that logs are printed from last event to first event.
Node 0 processed for 67169989 ms = 67.169989 sec

Log for thread id 1
Remember that logs are printed from last event to first event.
Node 1 processed for 67381966 ms = 67.381966 sec

Log for thread id 2
Remember that logs are printed from last event to first event.
Node 2 processed for 67554971 ms = 67.554971 sec

Log for thread id 3
Remember that logs are printed from last event to first event.
Node 3 processed for 67297520 ms = 67.297520 sec

Log for thread id 4
Remember that logs are printed from last event to first event.
Node 4 processed for 67451597 ms = 67.451597 sec

Log for thread id -1
Remember that logs are printed from last event to first event.
Node -1 processed for 50717666 ms = 50.717666 sec


Number of LARGE jobs: 0
Number of MID jobs: 0
Number of SMALL jobs: 1000
Threaded timing: 67554958 ms = 67.554958 sec 
Estimated sequential processing time: 320581000 ms = 320.581000 sec
Rough speedup: 4.75x
